INFO 2022-08-29 12:33:04,010 - C104800010 ==> 
1. prepack=280, 库存量为0, 不满足一个prepack，不进行任何分配.


INFO 2022-08-29 12:33:04,012 - C105000010 ==> 
1. prepack=2000, 库存量为1117, 不满足一个prepack，不进行任何分配.


INFO 2022-08-29 12:33:04,013 - C109500279 ==> 
1. prepack=72, 库存量为0, 不满足一个prepack，不进行任何分配.


INFO 2022-08-29 12:33:04,014 - C110300010 ==> 
1. 初次规整，库存量为3404, 温饱线=[0, 0, 0, 0, 0, 1405, 0], 贪婪线=[0, 0, 0, 0, 0, 0, 0].
公平均等分配比例为[0, 0, 0, 0, 0, 4.0143, 0], 优化分配比例为[0, 0, 0, 0, 0, 4, 0].
2. 温饱线分配完成，当前分配表为[0, 0, 0, 0, 0, 1400, 0], 剩余库存2004，更新贪婪线并进行分配=[0, 0, 0, 0, 0, 2450, 0].
公平均等分配比例为[0, 0, 0, 0, 0, 5.7257, 0], 优化分配比例为[0, 0, 0, 0, 0, 5, 0].
3. 贪婪线分配完成，最终分配表为[0, 0, 0, 0, 0, 3150, 0], 剩余库存1654.


INFO 2022-08-29 12:33:04,015 - C110300020 ==> 
1. 初次规整，库存量为2206, 温饱线=[0, 0, 0, 0, 0, 3483, 0], 贪婪线=[0, 0, 0, 0, 0, 0, 0].
公平均等分配比例为[0, 0, 0, 0, 0, 6.3029, 0], 优化分配比例为[0, 0, 0, 0, 0, 6, 0].
2. 库存量仅能先满足温饱线，最终分配表为[0, 0, 0, 0, 0, 2100, 0], 剩余库存106.


INFO 2022-08-29 12:33:04,016 - C110571001 ==> 
1. prepack=2000, 库存量为800, 不满足一个prepack，不进行任何分配.


INFO 2022-08-29 12:33:04,017 - C111100999 ==> 
1. prepack=100, 库存量为0, 不满足一个prepack，不进行任何分配.


INFO 2022-08-29 12:33:04,018 - C112600010 ==> 
1. 初次规整，库存量为9125, 温饱线=[0, 0, 0, 0, 0, 9387, 0], 贪婪线=[0, 0, 0, 0, 0, 0, 0].
公平均等分配比例为[0, 0, 0, 0, 0, 4.5625, 0], 优化分配比例为[0, 0, 0, 0, 0, 4, 0].
2. 库存量仅能先满足温饱线，最终分配表为[0, 0, 0, 0, 0, 8000, 0], 剩余库存1125.


INFO 2022-08-29 12:33:04,019 - C113400001 ==> 
1. prepack=100, 库存量为0, 不满足一个prepack，不进行任何分配.


INFO 2022-08-29 12:33:04,020 - C118100010 ==> 
1. prepack=280, 库存量为0, 不满足一个prepack，不进行任何分配.


INFO 2022-08-29 12:33:04,021 - C118470010 ==> 
1. 初次规整，库存量为26009, 温饱线=[0, 0, 0, 0, 0, 0, 0], 贪婪线=[0, 0, 0, 2000, 0, 0, 0].
2. 温饱线分配完成，当前分配表为[0, 0, 0, 0, 0, 0, 0], 剩余库存26009，更新贪婪线并进行分配=[0, 0, 0, 2000, 0, 0, 0].
3. 贪婪线分配完成，最终分配表为[0, 0, 0, 2000, 0, 0, 0]，剩余库存24009.


INFO 2022-08-29 12:33:04,022 - C118471010 ==> 
1. prepack=2000, 库存量为0, 不满足一个prepack，不进行任何分配.


INFO 2022-08-29 12:33:04,023 - C118770010 ==> 
1. 初次规整，库存量为6493, 温饱线=[0, 0, 0, 0, 57775, 0, 0], 贪婪线=[0, 0, 0, 4000, 0, 0, 0].
公平均等分配比例为[0, 0, 0, 0, 3.2465, 0, 0], 优化分配比例为[0, 0, 0, 0, 3, 0, 0].
2. 库存量仅能先满足温饱线，最终分配表为[0, 0, 0, 0, 6000, 0, 0], 剩余库存493.


INFO 2022-08-29 12:33:04,023 - C118770100 ==> 
1. 初次规整，库存量为39695, 温饱线=[0, 0, 0, 1000, 0, 0, 0], 贪婪线=[0, 0, 0, 0, 188069, 0, 0].
公平均等分配比例为[0, 0, 0, 0.5, 0, 0, 0], 优化分配比例为[0, 0, 0, 0, 0, 0, 0].
2. 温饱线分配完成，当前分配表为[0, 0, 0, 0, 0, 0, 0], 剩余库存39695，更新贪婪线并进行分配=[0, 0, 0, 2000, 188069, 0, 0].
公平均等分配比例为[0, 0, 0, 0.2088, 19.6387, 0, 0], 优化分配比例为[0, 0, 0, 0, 19, 0, 0].
3. 贪婪线分配完成，最终分配表为[0, 0, 0, 0, 38000, 0, 0], 剩余库存1695.


INFO 2022-08-29 12:33:04,024 - C119400010 ==> 
1. 初次规整，库存量为45389, 温饱线=[0, 0, 0, 0, 69190, 0, 0], 贪婪线=[0, 0, 0, 1050, 0, 0, 0].
公平均等分配比例为[0, 0, 0, 0, 129.6829, 0, 0], 优化分配比例为[0, 0, 0, 0, 129, 0, 0].
2. 库存量仅能先满足温饱线，最终分配表为[0, 0, 0, 0, 45150, 0, 0], 剩余库存239.


INFO 2022-08-29 12:33:04,025 - C119400100 ==> 
1. 初次规整，库存量为5689, 温饱线=[0, 0, 0, 0, 0, 0, 0], 贪婪线=[0, 0, 0, 0, 59449, 0, 0].
2. 温饱线分配完成，当前分配表为[0, 0, 0, 0, 0, 0, 0], 剩余库存5689，更新贪婪线并进行分配=[0, 0, 0, 0, 59449, 0, 0].
公平均等分配比例为[0, 0, 0, 0, 16.2543, 0, 0], 优化分配比例为[0, 0, 0, 0, 16, 0, 0].
3. 贪婪线分配完成，最终分配表为[0, 0, 0, 0, 5600, 0, 0], 剩余库存89.


INFO 2022-08-29 12:33:04,026 - C119500010 ==> 
1. 初次规整，库存量为207587, 温饱线=[0, 0, 0, 0, 0, 0, 0], 贪婪线=[0, 0, 0, 1050, 0, 0, 0].
2. 温饱线分配完成，当前分配表为[0, 0, 0, 0, 0, 0, 0], 剩余库存207587，更新贪婪线并进行分配=[0, 0, 0, 1050, 0, 0, 0].
3. 贪婪线分配完成，最终分配表为[0, 0, 0, 1050, 0, 0, 0]，剩余库存206537.


INFO 2022-08-29 12:33:04,027 - C119500100 ==> 
1. 初次规整，库存量为818, 温饱线=[0, 0, 0, 0, 354887, 0, 0], 贪婪线=[0, 0, 0, 0, 0, 0, 0].
公平均等分配比例为[0, 0, 0, 0, 2.3371, 0, 0], 优化分配比例为[0, 0, 0, 0, 2, 0, 0].
2. 库存量仅能先满足温饱线，最终分配表为[0, 0, 0, 0, 700, 0, 0], 剩余库存118.


INFO 2022-08-29 12:33:04,028 - C199600072 ==> 
1. prepack=170, 库存量为0, 不满足一个prepack，不进行任何分配.


INFO 2022-08-29 12:33:04,029 - C199600073 ==> 
1. 初次规整，库存量为25899, 温饱线=[0, 0, 0, 0, 0, 0, 0], 贪婪线=[0, 0, 0, 2100, 16800, 0, 0].
2. 温饱线分配完成，当前分配表为[0, 0, 0, 0, 0, 0, 0], 剩余库存25899，更新贪婪线并进行分配=[0, 0, 0, 2100, 16800, 0, 0].
3. 贪婪线分配完成，最终分配表为[0, 0, 0, 2100, 16800, 0, 0]，剩余库存6999.


INFO 2022-08-29 12:33:04,030 - C199600093 ==> 
1. prepack=12, 库存量为0, 不满足一个prepack，不进行任何分配.


INFO 2022-08-29 12:33:04,031 - C199600094 ==> 
1. prepack=12, 库存量为0, 不满足一个prepack，不进行任何分配.


INFO 2022-08-29 12:33:04,032 - C199600137 ==> 
1. prepack=360, 库存量为0, 不满足一个prepack，不进行任何分配.


INFO 2022-08-29 12:33:04,033 - C199600162 ==> 
1. 初次规整，库存量为1836, 温饱线=[0, 0, 0, 0, 0, 0, 0], 贪婪线=[300, 0, 0, 0, 0, 0, 0].
2. 温饱线分配完成，当前分配表为[0, 0, 0, 0, 0, 0, 0], 剩余库存1836，更新贪婪线并进行分配=[300, 0, 0, 0, 0, 0, 0].
3. 贪婪线分配完成，最终分配表为[300, 0, 0, 0, 0, 0, 0]，剩余库存1536.


INFO 2022-08-29 12:33:04,034 - C199600169 ==> 
1. 初次规整，库存量为9230, 温饱线=[0, 0, 0, 0, 0, 0, 0], 贪婪线=[0, 0, 0, 1050, 0, 0, 0].
2. 温饱线分配完成，当前分配表为[0, 0, 0, 0, 0, 0, 0], 剩余库存9230，更新贪婪线并进行分配=[0, 0, 0, 1050, 0, 0, 0].
3. 贪婪线分配完成，最终分配表为[0, 0, 0, 1050, 0, 0, 0]，剩余库存8180.


INFO 2022-08-29 12:33:04,034 - C199600191 ==> 
1. prepack=240, 库存量为17, 不满足一个prepack，不进行任何分配.


INFO 2022-08-29 12:33:04,035 - C199600192 ==> 
1. 初次规整，库存量为1420, 温饱线=[0, 0, 0, 0, 2, 0, 0], 贪婪线=[960, 0, 0, 240, 0, 0, 0].
公平均等分配比例为[0, 0, 0, 0, 0.0083, 0, 0], 优化分配比例为[0, 0, 0, 0, 0, 0, 0].
2. 温饱线分配完成，当前分配表为[0, 0, 0, 0, 0, 0, 0], 剩余库存1420，更新贪婪线并进行分配=[960, 0, 0, 240, 480, 0, 0].
公平均等分配比例为[3.381, 0, 0, 0.8452, 1.6905, 0, 0], 优化分配比例为[3, 0, 0, 1, 1, 0, 0].
3. 贪婪线分配完成，最终分配表为[720, 0, 0, 240, 240, 0, 0], 剩余库存220.


INFO 2022-08-29 12:33:04,036 - C199600193 ==> 
1. 初次规整，库存量为2044, 温饱线=[0, 0, 0, 0, 0, 0, 0], 贪婪线=[0, 0, 0, 240, 0, 0, 0].
2. 温饱线分配完成，当前分配表为[0, 0, 0, 0, 0, 0, 0], 剩余库存2044，更新贪婪线并进行分配=[0, 0, 0, 240, 0, 0, 0].
3. 贪婪线分配完成，最终分配表为[0, 0, 0, 240, 0, 0, 0]，剩余库存1804.


INFO 2022-08-29 12:33:04,037 - C199600195 ==> 
1. 初次规整，库存量为4438, 温饱线=[0, 0, 0, 0, 0, 0, 0], 贪婪线=[0, 0, 0, 240, 0, 0, 0].
2. 温饱线分配完成，当前分配表为[0, 0, 0, 0, 0, 0, 0], 剩余库存4438，更新贪婪线并进行分配=[0, 0, 0, 240, 0, 0, 0].
3. 贪婪线分配完成，最终分配表为[0, 0, 0, 240, 0, 0, 0]，剩余库存4198.


INFO 2022-08-29 12:33:04,038 - C199600199 ==> 
1. prepack=240, 库存量为0, 不满足一个prepack，不进行任何分配.


INFO 2022-08-29 12:33:04,039 - C199600200 ==> 
1. prepack=240, 库存量为45, 不满足一个prepack，不进行任何分配.


INFO 2022-08-29 12:33:04,040 - C199600207 ==> 
1. 初次规整，库存量为270, 温饱线=[0, 0, 0, 0, 0, 0, 0], 贪婪线=[0, 0, 0, 0, 720, 0, 0].
2. 温饱线分配完成，当前分配表为[0, 0, 0, 0, 0, 0, 0], 剩余库存270，更新贪婪线并进行分配=[0, 0, 0, 0, 720, 0, 0].
公平均等分配比例为[0, 0, 0, 0, 1.125, 0, 0], 优化分配比例为[0, 0, 0, 0, 1, 0, 0].
3. 贪婪线分配完成，最终分配表为[0, 0, 0, 0, 240, 0, 0], 剩余库存30.


INFO 2022-08-29 12:33:04,041 - C199600211 ==> 
1. prepack=240, 库存量为28, 不满足一个prepack，不进行任何分配.


INFO 2022-08-29 12:33:04,042 - C199600215 ==> 
1. prepack=240, 库存量为0, 不满足一个prepack，不进行任何分配.


INFO 2022-08-29 12:33:04,043 - C199600218 ==> 
1. 初次规整，库存量为341, 温饱线=[0, 0, 0, 0, 0, 0, 0], 贪婪线=[0, 0, 0, 240, 480, 0, 0].
2. 温饱线分配完成，当前分配表为[0, 0, 0, 0, 0, 0, 0], 剩余库存341，更新贪婪线并进行分配=[0, 0, 0, 240, 480, 0, 0].
公平均等分配比例为[0, 0, 0, 0.4736, 0.9472, 0, 0], 优化分配比例为[0, 0, 0, 1, 0, 0, 0].
3. 贪婪线分配完成，最终分配表为[0, 0, 0, 240, 0, 0, 0], 剩余库存101.


INFO 2022-08-29 12:33:04,043 - C199600234 ==> 
1. prepack=12, 库存量为0, 不满足一个prepack，不进行任何分配.


INFO 2022-08-29 12:33:04,044 - C199600262 ==> 
1. prepack=440, 库存量为0, 不满足一个prepack，不进行任何分配.


INFO 2022-08-29 12:33:04,045 - C199600267 ==> 
1. prepack=440, 库存量为44, 不满足一个prepack，不进行任何分配.


INFO 2022-08-29 12:33:04,046 - C199600268 ==> 
1. prepack=440, 库存量为242, 不满足一个prepack，不进行任何分配.


INFO 2022-08-29 12:33:04,047 - C199600274 ==> 
1. 初次规整，库存量为1546, 温饱线=[0, 0, 0, 0, 0, 0, 0], 贪婪线=[880, 0, 0, 0, 0, 0, 0].
2. 温饱线分配完成，当前分配表为[0, 0, 0, 0, 0, 0, 0], 剩余库存1546，更新贪婪线并进行分配=[880, 0, 0, 0, 0, 0, 0].
3. 贪婪线分配完成，最终分配表为[880, 0, 0, 0, 0, 0, 0]，剩余库存666.


INFO 2022-08-29 12:33:04,048 - C199600275 ==> 
1. 初次规整，库存量为1325, 温饱线=[0, 0, 0, 0, 0, 0, 0], 贪婪线=[0, 0, 0, 440, 0, 0, 440].
2. 温饱线分配完成，当前分配表为[0, 0, 0, 0, 0, 0, 0], 剩余库存1325，更新贪婪线并进行分配=[0, 0, 0, 440, 0, 0, 440].
3. 贪婪线分配完成，最终分配表为[0, 0, 0, 440, 0, 0, 440]，剩余库存445.


INFO 2022-08-29 12:33:04,049 - C199600278 ==> 
1. 初次规整，库存量为3911, 温饱线=[0, 0, 0, 0, 0, 0, 0], 贪婪线=[0, 0, 0, 440, 1760, 0, 0].
2. 温饱线分配完成，当前分配表为[0, 0, 0, 0, 0, 0, 0], 剩余库存3911，更新贪婪线并进行分配=[0, 0, 0, 440, 1760, 0, 0].
3. 贪婪线分配完成，最终分配表为[0, 0, 0, 440, 1760, 0, 0]，剩余库存1711.


INFO 2022-08-29 12:33:04,050 - C199600279 ==> 
1. prepack=440, 库存量为410, 不满足一个prepack，不进行任何分配.


INFO 2022-08-29 12:33:04,051 - C199600280 ==> 
1. 初次规整，库存量为497, 温饱线=[0, 0, 0, 0, 0, 0, 0], 贪婪线=[0, 0, 0, 440, 0, 0, 0].
2. 温饱线分配完成，当前分配表为[0, 0, 0, 0, 0, 0, 0], 剩余库存497，更新贪婪线并进行分配=[0, 0, 0, 440, 0, 0, 0].
3. 贪婪线分配完成，最终分配表为[0, 0, 0, 440, 0, 0, 0]，剩余库存57.


INFO 2022-08-29 12:33:04,052 - C199600281 ==> 
1. prepack=440, 库存量为235, 不满足一个prepack，不进行任何分配.


INFO 2022-08-29 12:33:04,052 - C199600283 ==> 
1. 初次规整，库存量为6374, 温饱线=[0, 0, 0, 0, 0, 0, 0], 贪婪线=[0, 0, 0, 0, 4400, 0, 0].
2. 温饱线分配完成，当前分配表为[0, 0, 0, 0, 0, 0, 0], 剩余库存6374，更新贪婪线并进行分配=[0, 0, 0, 0, 4400, 0, 0].
3. 贪婪线分配完成，最终分配表为[0, 0, 0, 0, 4400, 0, 0]，剩余库存1974.


INFO 2022-08-29 12:33:04,053 - C199600291 ==> 
1. prepack=240, 库存量为24, 不满足一个prepack，不进行任何分配.


INFO 2022-08-29 12:33:04,054 - C199600292 ==> 
1. 初次规整，库存量为940, 温饱线=[0, 0, 0, 0, 0, 0, 0], 贪婪线=[0, 0, 0, 235, 0, 0, 0].
2. 温饱线分配完成，当前分配表为[0, 0, 0, 0, 0, 0, 0], 剩余库存940，更新贪婪线并进行分配=[0, 0, 0, 235, 0, 0, 0].
3. 贪婪线分配完成，最终分配表为[0, 0, 0, 235, 0, 0, 0]，剩余库存705.


INFO 2022-08-29 12:33:04,055 - C199600294 ==> 
1. 初次规整，库存量为136118, 温饱线=[0, 0, 0, 0, 0, 0, 0], 贪婪线=[0, 0, 0, 1270, 0, 0, 0].
2. 温饱线分配完成，当前分配表为[0, 0, 0, 0, 0, 0, 0], 剩余库存136118，更新贪婪线并进行分配=[0, 0, 0, 1270, 0, 0, 0].
3. 贪婪线分配完成，最终分配表为[0, 0, 0, 1270, 0, 0, 0]，剩余库存134848.


INFO 2022-08-29 12:33:04,056 - C199600332 ==> 
1. 初次规整，库存量为2796, 温饱线=[0, 0, 0, 0, 0, 0, 0], 贪婪线=[440, 0, 0, 0, 0, 0, 0].
2. 温饱线分配完成，当前分配表为[0, 0, 0, 0, 0, 0, 0], 剩余库存2796，更新贪婪线并进行分配=[440, 0, 0, 0, 0, 0, 0].
3. 贪婪线分配完成，最终分配表为[440, 0, 0, 0, 0, 0, 0]，剩余库存2356.


INFO 2022-08-29 12:33:04,057 - C199600336 ==> 
1. prepack=2000, 库存量为0, 不满足一个prepack，不进行任何分配.


INFO 2022-08-29 12:33:04,058 - C199600392 ==> 
1. 初次规整，库存量为43066, 温饱线=[0, 0, 0, 0, 0, 0, 0], 贪婪线=[0, 0, 0, 4500, 0, 0, 0].
2. 温饱线分配完成，当前分配表为[0, 0, 0, 0, 0, 0, 0], 剩余库存43066，更新贪婪线并进行分配=[0, 0, 0, 4500, 0, 0, 0].
3. 贪婪线分配完成，最终分配表为[0, 0, 0, 4500, 0, 0, 0]，剩余库存38566.


INFO 2022-08-29 12:33:04,059 - C199600393 ==> 
1. prepack=2000, 库存量为0, 不满足一个prepack，不进行任何分配.


INFO 2022-08-29 12:33:04,060 - C199600394 ==> 
1. prepack=2000, 库存量为977, 不满足一个prepack，不进行任何分配.


INFO 2022-08-29 12:33:04,060 - C199600402 ==> 
1. 初次规整，库存量为2176, 温饱线=[0, 0, 0, 0, 0, 0, 0], 贪婪线=[0, 0, 0, 0, 0, 0, 2100].
2. 温饱线分配完成，当前分配表为[0, 0, 0, 0, 0, 0, 0], 剩余库存2176，更新贪婪线并进行分配=[0, 0, 0, 0, 0, 0, 2100].
3. 贪婪线分配完成，最终分配表为[0, 0, 0, 0, 0, 0, 2100]，剩余库存76.


INFO 2022-08-29 12:33:04,061 - C199600404 ==> 
1. 初次规整，库存量为2744, 温饱线=[7552, 0, 0, 0, 0, 0, 1106], 贪婪线=[0, 0, 0, 0, 0, 0, 0].
公平均等分配比例为[6.8385, 0, 0, 0, 0, 0, 1.0015], 优化分配比例为[6, 0, 0, 0, 0, 0, 1].
2. 库存量仅能先满足温饱线，最终分配表为[2100, 0, 0, 0, 0, 0, 350], 剩余库存294.


INFO 2022-08-29 12:33:04,062 - C199600405 ==> 
1. prepack=350, 库存量为0, 不满足一个prepack，不进行任何分配.


INFO 2022-08-29 12:33:04,063 - C199600416 ==> 
1. 初次规整，库存量为11168, 温饱线=[0, 0, 0, 0, 0, 0, 0], 贪婪线=[3150, 0, 0, 1050, 0, 0, 0].
2. 温饱线分配完成，当前分配表为[0, 0, 0, 0, 0, 0, 0], 剩余库存11168，更新贪婪线并进行分配=[3150, 0, 0, 1050, 0, 0, 0].
3. 贪婪线分配完成，最终分配表为[3150, 0, 0, 1050, 0, 0, 0]，剩余库存6968.


INFO 2022-08-29 12:33:04,064 - C199600418 ==> 
1. prepack=160, 库存量为0, 不满足一个prepack，不进行任何分配.


INFO 2022-08-29 12:33:04,065 - C199600442 ==> 
1. 初次规整，库存量为16079, 温饱线=[0, 0, 0, 0, 9724, 0, 0], 贪婪线=[0, 0, 0, 0, 0, 0, 0].
公平均等分配比例为[0, 0, 0, 0, 173.6429, 0, 0], 优化分配比例为[0, 0, 0, 0, 173, 0, 0].
2. 温饱线分配完成，当前分配表为[0, 0, 0, 0, 9688, 0, 0], 剩余库存6391，更新贪婪线并进行分配=[0, 0, 0, 0, 18872, 0, 0].
公平均等分配比例为[0, 0, 0, 0, 114.125, 0, 0], 优化分配比例为[0, 0, 0, 0, 114, 0, 0].
3. 贪婪线分配完成，最终分配表为[0, 0, 0, 0, 16072, 0, 0], 剩余库存9695.


INFO 2022-08-29 12:33:04,066 - C199600449 ==> 
1. prepack=440, 库存量为71, 不满足一个prepack，不进行任何分配.


INFO 2022-08-29 12:33:04,067 - C199600465 ==> 
1. prepack=1050, 库存量为0, 不满足一个prepack，不进行任何分配.


INFO 2022-08-29 12:33:04,068 - C199600466 ==> 
1. prepack=360, 库存量为0, 不满足一个prepack，不进行任何分配.


INFO 2022-08-29 12:33:04,068 - C199600500 ==> 
1. prepack=200, 库存量为53, 不满足一个prepack，不进行任何分配.


INFO 2022-08-29 12:33:04,069 - C199600539 ==> 
1. prepack=200, 库存量为0, 不满足一个prepack，不进行任何分配.


INFO 2022-08-29 12:33:04,070 - C199600541 ==> 
1. prepack=1050, 库存量为0, 不满足一个prepack，不进行任何分配.


INFO 2022-08-29 12:33:04,071 - C199600543 ==> 
1. prepack=80, 库存量为0, 不满足一个prepack，不进行任何分配.


INFO 2022-08-29 12:33:04,072 - C199600544 ==> 
1. 初次规整，库存量为244441, 温饱线=[0, 0, 0, 0, 0, 0, 0], 贪婪线=[0, 0, 0, 2160, 0, 0, 0].
2. 温饱线分配完成，当前分配表为[0, 0, 0, 0, 0, 0, 0], 剩余库存244441，更新贪婪线并进行分配=[0, 0, 0, 2160, 0, 0, 0].
3. 贪婪线分配完成，最终分配表为[0, 0, 0, 2160, 0, 0, 0]，剩余库存242281.


INFO 2022-08-29 12:33:04,073 - C199600548 ==> 
1. prepack=6, 库存量为0, 不满足一个prepack，不进行任何分配.


INFO 2022-08-29 12:33:04,074 - C199600560 ==> 
1. prepack=12, 库存量为4, 不满足一个prepack，不进行任何分配.


INFO 2022-08-29 12:33:04,075 - C199600561 ==> 
1. 初次规整，库存量为2874, 温饱线=[0, 0, 0, 0, 0, 0, 0], 贪婪线=[0, 0, 0, 440, 221, 0, 0].
2. 温饱线分配完成，当前分配表为[0, 0, 0, 0, 0, 0, 0], 剩余库存2874，更新贪婪线并进行分配=[0, 0, 0, 440, 221, 0, 0].
3. 贪婪线分配完成，最终分配表为[0, 0, 0, 440, 221, 0, 0]，剩余库存2213.


INFO 2022-08-29 12:33:04,076 - C199600574 ==> 
1. 初次规整，库存量为833, 温饱线=[0, 2784, 0, 0, 16103, 5400, 0], 贪婪线=[6480, 0, 0, 0, 0, 0, 0].
公平均等分配比例为[0, 1.1936, 0, 0, 6.9038, 2.3151, 0], 优化分配比例为[0, 2, 0, 0, 6, 2, 0].
2. 库存量仅能先满足温饱线，最终分配表为[0, 160, 0, 0, 480, 160, 0], 剩余库存33.


INFO 2022-08-29 12:33:04,076 - C199600584 ==> 
1. prepack=12, 库存量为0, 不满足一个prepack，不进行任何分配.


INFO 2022-08-29 12:33:04,077 - C199600587 ==> 
1. prepack=70, 库存量为0, 不满足一个prepack，不进行任何分配.


INFO 2022-08-29 12:33:04,078 - C199600605 ==> 
1. prepack=180, 库存量为25, 不满足一个prepack，不进行任何分配.


INFO 2022-08-29 12:33:04,079 - C199600606 ==> 
1. 初次规整，库存量为40498, 温饱线=[0, 0, 0, 0, 0, 33885, 0], 贪婪线=[2000, 0, 0, 0, 0, 0, 0].
公平均等分配比例为[0, 0, 0, 0, 0, 16.9425, 0], 优化分配比例为[0, 0, 0, 0, 0, 16, 0].
2. 温饱线分配完成，当前分配表为[0, 0, 0, 0, 0, 32000, 0], 剩余库存8498，更新贪婪线并进行分配=[2000, 0, 0, 0, 0, 10000, 0].
公平均等分配比例为[0.7082, 0, 0, 0, 0, 3.5408, 0], 优化分配比例为[1, 0, 0, 0, 0, 3, 0].
3. 贪婪线分配完成，最终分配表为[2000, 0, 0, 0, 0, 38000, 0], 剩余库存32498.


INFO 2022-08-29 12:33:04,080 - C199600607 ==> 
1. 初次规整，库存量为22073, 温饱线=[0, 0, 0, 0, 0, 0, 0], 贪婪线=[4000, 0, 0, 0, 0, 1000, 0].
2. 温饱线分配完成，当前分配表为[0, 0, 0, 0, 0, 0, 0], 剩余库存22073，更新贪婪线并进行分配=[4000, 0, 0, 0, 0, 1000, 0].
3. 贪婪线分配完成，最终分配表为[4000, 0, 0, 0, 0, 1000, 0]，剩余库存17073.


INFO 2022-08-29 12:33:04,081 - C199600619 ==> 
1. 初次规整，库存量为6290, 温饱线=[240, 0, 0, 0, 0, 0, 0], 贪婪线=[0, 0, 0, 0, 0, 4000, 0].
公平均等分配比例为[0.12, 0, 0, 0, 0, 0, 0], 优化分配比例为[0, 0, 0, 0, 0, 0, 0].
2. 温饱线分配完成，当前分配表为[0, 0, 0, 0, 0, 0, 0], 剩余库存6290，更新贪婪线并进行分配=[2000, 0, 0, 0, 0, 4000, 0].
3. 贪婪线分配完成，最终分配表为[2000, 0, 0, 0, 0, 4000, 0]，剩余库存290.


INFO 2022-08-29 12:33:04,082 - C199600666 ==> 
1. 初次规整，库存量为13835, 温饱线=[0, 0, 0, 0, 0, 0, 0], 贪婪线=[0, 0, 0, 0, 0, 7800, 0].
2. 温饱线分配完成，当前分配表为[0, 0, 0, 0, 0, 0, 0], 剩余库存13835，更新贪婪线并进行分配=[0, 0, 0, 0, 0, 7800, 0].
3. 贪婪线分配完成，最终分配表为[0, 0, 0, 0, 0, 7800, 0]，剩余库存6035.


INFO 2022-08-29 12:33:04,083 - C199600676 ==> 
1. prepack=320, 库存量为225, 不满足一个prepack，不进行任何分配.


INFO 2022-08-29 12:33:04,084 - C199600704 ==> 
1. 初次规整，库存量为24331, 温饱线=[0, 0, 0, 0, 0, 2003, 0], 贪婪线=[0, 0, 0, 0, 0, 0, 0].
公平均等分配比例为[0, 0, 0, 0, 0, 1.0015, 0], 优化分配比例为[0, 0, 0, 0, 0, 1, 0].
2. 温饱线分配完成，当前分配表为[0, 0, 0, 0, 0, 2000, 0], 剩余库存22331，更新贪婪线并进行分配=[0, 0, 0, 0, 0, 26000, 0].
公平均等分配比例为[0, 0, 0, 0, 0, 11.1655, 0], 优化分配比例为[0, 0, 0, 0, 0, 11, 0].
3. 贪婪线分配完成，最终分配表为[0, 0, 0, 0, 0, 24000, 0], 剩余库存2331.


INFO 2022-08-29 12:33:04,084 - C199600706 ==> 
1. 初次规整，库存量为87389, 温饱线=[0, 0, 0, 0, 0, 0, 0], 贪婪线=[0, 0, 0, 0, 24000, 0, 0].
2. 温饱线分配完成，当前分配表为[0, 0, 0, 0, 0, 0, 0], 剩余库存87389，更新贪婪线并进行分配=[0, 0, 0, 0, 24000, 0, 0].
3. 贪婪线分配完成，最终分配表为[0, 0, 0, 0, 24000, 0, 0]，剩余库存63389.


INFO 2022-08-29 12:33:04,085 - C199600707 ==> 
1. 初次规整，库存量为20768, 温饱线=[0, 0, 0, 0, 0, 0, 0], 贪婪线=[0, 0, 0, 0, 0, 20800, 0].
2. 温饱线分配完成，当前分配表为[0, 0, 0, 0, 0, 0, 0], 剩余库存20768，更新贪婪线并进行分配=[0, 0, 0, 0, 0, 20800, 0].
公平均等分配比例为[0, 0, 0, 0, 0, 25.96, 0], 优化分配比例为[0, 0, 0, 0, 0, 25, 0].
3. 贪婪线分配完成，最终分配表为[0, 0, 0, 0, 0, 20000, 0], 剩余库存768.


INFO 2022-08-29 12:33:04,086 - C199600708 ==> 
1. 初次规整，库存量为27400, 温饱线=[0, 0, 0, 0, 0, 0, 0], 贪婪线=[1600, 800, 0, 800, 0, 20600, 800].
2. 温饱线分配完成，当前分配表为[0, 0, 0, 0, 0, 0, 0], 剩余库存27400，更新贪婪线并进行分配=[1600, 800, 0, 800, 0, 20600, 800].
3. 贪婪线分配完成，最终分配表为[1600, 800, 0, 800, 0, 20600, 800]，剩余库存2800.


INFO 2022-08-29 12:33:04,087 - C199600717 ==> 
1. 初次规整，库存量为703, 温饱线=[0, 0, 0, 0, 0, 0, 0], 贪婪线=[0, 0, 0, 0, 0, 0, 1120].
2. 温饱线分配完成，当前分配表为[0, 0, 0, 0, 0, 0, 0], 剩余库存703，更新贪婪线并进行分配=[0, 0, 0, 0, 0, 0, 1120].
公平均等分配比例为[0, 0, 0, 0, 0, 0, 10.0429], 优化分配比例为[0, 0, 0, 0, 0, 0, 10].
3. 贪婪线分配完成，最终分配表为[0, 0, 0, 0, 0, 0, 700], 剩余库存3.


INFO 2022-08-29 12:33:04,088 - C199600718 ==> 
1. prepack=1050, 库存量为218, 不满足一个prepack，不进行任何分配.


INFO 2022-08-29 12:33:04,089 - C199600724 ==> 
1. prepack=800, 库存量为0, 不满足一个prepack，不进行任何分配.


INFO 2022-08-29 12:33:04,090 - C199600725 ==> 
1. prepack=24, 库存量为0, 不满足一个prepack，不进行任何分配.


INFO 2022-08-29 12:33:04,091 - C199600726 ==> 
1. prepack=360, 库存量为0, 不满足一个prepack，不进行任何分配.


INFO 2022-08-29 12:33:04,092 - C199600727 ==> 
1. 初次规整，库存量为3, 温饱线=[0, 0, 2, 0, 0, 2, 0], 贪婪线=[0, 0, 0, 0, 0, 0, 0].
公平均等分配比例为[0, 0, 0.5, 0, 0, 0.5, 0], 优化分配比例为[0, 0, 1, 0, 0, 0, 0].
2. 库存量仅能先满足温饱线，最终分配表为[0, 0, 3, 0, 0, 0, 0], 剩余库存0.


INFO 2022-08-29 12:33:04,093 - C199600728 ==> 
1. 初次规整，库存量为21341, 温饱线=[8809, 0, 0, 1687, 0, 0, 0], 贪婪线=[0, 0, 0, 0, 0, 8400, 0].
公平均等分配比例为[8.3895, 0, 0, 1.6067, 0, 0, 0], 优化分配比例为[8, 0, 0, 1, 0, 0, 0].
2. 温饱线分配完成，当前分配表为[8400, 0, 0, 1050, 0, 0, 0], 剩余库存11891，更新贪婪线并进行分配=[28350, 0, 0, 2100, 0, 8400, 0].
公平均等分配比例为[8.264, 0, 0, 0.6121, 0, 2.4486, 0], 优化分配比例为[8, 0, 0, 1, 0, 2, 0].
3. 贪婪线分配完成，最终分配表为[16800, 0, 0, 2100, 0, 2100, 0], 剩余库存9791.


INFO 2022-08-29 12:33:04,093 - C199600732 ==> 
1. prepack=240, 库存量为0, 不满足一个prepack，不进行任何分配.


INFO 2022-08-29 12:33:04,094 - C199600733 ==> 
1. prepack=440, 库存量为61, 不满足一个prepack，不进行任何分配.


INFO 2022-08-29 12:33:04,095 - C199600740 ==> 
1. prepack=6, 库存量为0, 不满足一个prepack，不进行任何分配.


INFO 2022-08-29 12:33:04,096 - C199600745 ==> 
1. prepack=20, 库存量为0, 不满足一个prepack，不进行任何分配.


INFO 2022-08-29 12:33:04,097 - C199600752 ==> 
1. 初次规整，库存量为6146, 温饱线=[4134, 0, 0, 0, 0, 0, 0], 贪婪线=[0, 0, 0, 0, 11730, 0, 0].
公平均等分配比例为[24.3176, 0, 0, 0, 0, 0, 0], 优化分配比例为[24, 0, 0, 0, 0, 0, 0].
2. 温饱线分配完成，当前分配表为[4080, 0, 0, 0, 0, 0, 0], 剩余库存2066，更新贪婪线并进行分配=[680, 0, 0, 0, 11730, 0, 0].
公平均等分配比例为[0.6659, 0, 0, 0, 11.487, 0, 0], 优化分配比例为[1, 0, 0, 0, 11, 0, 0].
3. 贪婪线分配完成，最终分配表为[4250, 0, 0, 0, 1870, 0, 0], 剩余库存4106.


INFO 2022-08-29 12:33:04,098 - C199600759 ==> 
1. 初次规整，库存量为2137, 温饱线=[774, 0, 0, 0, 0, 0, 0], 贪婪线=[0, 0, 0, 0, 0, 0, 0].
公平均等分配比例为[6.45, 0, 0, 0, 0, 0, 0], 优化分配比例为[6, 0, 0, 0, 0, 0, 0].
2. 温饱线分配完成，当前分配表为[720, 0, 0, 0, 0, 0, 0], 剩余库存1417，更新贪婪线并进行分配=[1694, 0, 0, 0, 0, 0, 0].
公平均等分配比例为[11.8083, 0, 0, 0, 0, 0, 0], 优化分配比例为[11, 0, 0, 0, 0, 0, 0].
3. 贪婪线分配完成，最终分配表为[2040, 0, 0, 0, 0, 0, 0], 剩余库存817.


INFO 2022-08-29 12:33:04,099 - C199600761 ==> 
1. prepack=280, 库存量为211, 不满足一个prepack，不进行任何分配.


INFO 2022-08-29 12:33:04,100 - C199600774 ==> 
1. 初次规整，库存量为32895, 温饱线=[0, 0, 0, 0, 0, 0, 0], 贪婪线=[0, 0, 0, 600, 0, 0, 0].
2. 温饱线分配完成，当前分配表为[0, 0, 0, 0, 0, 0, 0], 剩余库存32895，更新贪婪线并进行分配=[0, 0, 0, 600, 0, 0, 0].
3. 贪婪线分配完成，最终分配表为[0, 0, 0, 600, 0, 0, 0]，剩余库存32295.


INFO 2022-08-29 12:33:04,101 - C199600804 ==> 
1. prepack=240, 库存量为49, 不满足一个prepack，不进行任何分配.


INFO 2022-08-29 12:33:04,101 - C199600821 ==> 
1. prepack=144, 库存量为1, 不满足一个prepack，不进行任何分配.


INFO 2022-08-29 12:33:04,102 - C199600827 ==> 
1. 初次规整，库存量为59885, 温饱线=[6252, 0, 0, 0, 0, 34284, 0], 贪婪线=[0, 0, 0, 2400, 0, 0, 0].
公平均等分配比例为[7.815, 0, 0, 0, 0, 42.855, 0], 优化分配比例为[8, 0, 0, 0, 0, 42, 0].
2. 温饱线分配完成，当前分配表为[6400, 0, 0, 0, 0, 33600, 0], 剩余库存19885，更新贪婪线并进行分配=[3200, 0, 0, 2400, 0, 44285, 0].
公平均等分配比例为[1.5945, 0, 0, 1.1959, 0, 22.0659, 0], 优化分配比例为[1, 0, 0, 1, 0, 22, 0].
3. 贪婪线分配完成，最终分配表为[7200, 0, 0, 800, 0, 51200, 0], 剩余库存40685.


INFO 2022-08-29 12:33:04,103 - C199600845 ==> 
1. prepack=45, 库存量为12, 不满足一个prepack，不进行任何分配.


INFO 2022-08-29 12:33:04,104 - C199600846 ==> 
1. prepack=45, 库存量为9, 不满足一个prepack，不进行任何分配.


INFO 2022-08-29 12:33:04,105 - C199600874 ==> 
1. prepack=2000, 库存量为0, 不满足一个prepack，不进行任何分配.


INFO 2022-08-29 12:33:04,106 - C199600886 ==> 
1. 初次规整，库存量为2513, 温饱线=[0, 0, 0, 0, 0, 0, 0], 贪婪线=[0, 0, 0, 0, 1400, 0, 0].
2. 温饱线分配完成，当前分配表为[0, 0, 0, 0, 0, 0, 0], 剩余库存2513，更新贪婪线并进行分配=[0, 0, 0, 0, 1400, 0, 0].
3. 贪婪线分配完成，最终分配表为[0, 0, 0, 0, 1400, 0, 0]，剩余库存1113.


INFO 2022-08-29 12:33:04,107 - C199600887 ==> 
1. 初次规整，库存量为64104, 温饱线=[0, 0, 0, 0, 0, 0, 0], 贪婪线=[0, 0, 0, 1400, 0, 0, 0].
2. 温饱线分配完成，当前分配表为[0, 0, 0, 0, 0, 0, 0], 剩余库存64104，更新贪婪线并进行分配=[0, 0, 0, 1400, 0, 0, 0].
3. 贪婪线分配完成，最终分配表为[0, 0, 0, 1400, 0, 0, 0]，剩余库存62704.


INFO 2022-08-29 12:33:04,108 - C199600888 ==> 
1. prepack=280, 库存量为1, 不满足一个prepack，不进行任何分配.


INFO 2022-08-29 12:33:04,108 - C199600889 ==> 
1. prepack=350, 库存量为160, 不满足一个prepack，不进行任何分配.


INFO 2022-08-29 12:33:04,109 - C199600892 ==> 
1. 初次规整，库存量为4130, 温饱线=[0, 0, 0, 0, 0, 0, 0], 贪婪线=[0, 0, 0, 394, 0, 0, 0].
2. 温饱线分配完成，当前分配表为[0, 0, 0, 0, 0, 0, 0], 剩余库存4130，更新贪婪线并进行分配=[0, 0, 0, 394, 0, 0, 0].
3. 贪婪线分配完成，最终分配表为[0, 0, 0, 394, 0, 0, 0]，剩余库存3736.


INFO 2022-08-29 12:33:04,110 - C199600894 ==> 
1. 初次规整，库存量为1094, 温饱线=[0, 0, 0, 0, 0, 0, 0], 贪婪线=[0, 0, 0, 430, 800, 0, 0].
2. 温饱线分配完成，当前分配表为[0, 0, 0, 0, 0, 0, 0], 剩余库存1094，更新贪婪线并进行分配=[0, 0, 0, 430, 800, 0, 0].
公平均等分配比例为[0, 0, 0, 0.4781, 0.8894, 0, 0], 优化分配比例为[0, 0, 0, 0.5375, 0, 0, 0].
3. 贪婪线分配完成，最终分配表为[0, 0, 0, 430.0, 0, 0, 0], 剩余库存664.


INFO 2022-08-29 12:33:04,111 - C199600896 ==> 
1. prepack=800, 库存量为136, 不满足一个prepack，不进行任何分配.


INFO 2022-08-29 12:33:04,112 - C199600898 ==> 
1. 初次规整，库存量为12313, 温饱线=[0, 0, 0, 0, 0, 0, 0], 贪婪线=[0, 0, 0, 0, 3200, 0, 0].
2. 温饱线分配完成，当前分配表为[0, 0, 0, 0, 0, 0, 0], 剩余库存12313，更新贪婪线并进行分配=[0, 0, 0, 0, 3200, 0, 0].
3. 贪婪线分配完成，最终分配表为[0, 0, 0, 0, 3200, 0, 0]，剩余库存9113.


INFO 2022-08-29 12:33:04,113 - C199600900 ==> 
1. 初次规整，库存量为3613, 温饱线=[0, 0, 0, 0, 0, 0, 0], 贪婪线=[800, 0, 0, 424, 295, 0, 0].
2. 温饱线分配完成，当前分配表为[0, 0, 0, 0, 0, 0, 0], 剩余库存3613，更新贪婪线并进行分配=[800, 0, 0, 424, 295, 0, 0].
3. 贪婪线分配完成，最终分配表为[800, 0, 0, 424, 295, 0, 0]，剩余库存2094.


INFO 2022-08-29 12:33:04,114 - C199600904 ==> 
1. prepack=800, 库存量为620, 不满足一个prepack，不进行任何分配.


INFO 2022-08-29 12:33:04,115 - C199600905 ==> 
1. 初次规整，库存量为14562, 温饱线=[0, 0, 0, 0, 0, 0, 0], 贪婪线=[800, 0, 0, 0, 140, 0, 0].
2. 温饱线分配完成，当前分配表为[0, 0, 0, 0, 0, 0, 0], 剩余库存14562，更新贪婪线并进行分配=[800, 0, 0, 0, 140, 0, 0].
3. 贪婪线分配完成，最终分配表为[800, 0, 0, 0, 140, 0, 0]，剩余库存13622.


INFO 2022-08-29 12:33:04,116 - C199600907 ==> 
1. 初次规整，库存量为14, 温饱线=[0, 0, 0, 0, 0, 0, 0], 贪婪线=[0, 0, 0, 0, 0, 5, 0].
2. 温饱线分配完成，当前分配表为[0, 0, 0, 0, 0, 0, 0], 剩余库存14，更新贪婪线并进行分配=[0, 0, 0, 0, 0, 5, 0].
3. 贪婪线分配完成，最终分配表为[0, 0, 0, 0, 0, 5, 0]，剩余库存9.


INFO 2022-08-29 12:33:04,116 - C199670474 ==> 
1. prepack=800, 库存量为0, 不满足一个prepack，不进行任何分配.


INFO 2022-08-29 12:33:04,117 - C199671392 ==> 
1. 初次规整，库存量为33218, 温饱线=[0, 0, 0, 0, 0, 0, 0], 贪婪线=[0, 0, 0, 0, 0, 0, 0].
2. 温饱线分配完成，当前分配表为[0, 0, 0, 0, 0, 0, 0], 剩余库存33218，更新贪婪线并进行分配=[0, 0, 0, 0, 0, 0, 0].
3. 贪婪线分配完成，最终分配表为[0, 0, 0, 0, 0, 0, 0]，剩余库存33218.


INFO 2022-08-29 12:33:04,118 - C199671405 ==> 
1. 初次规整，库存量为22429, 温饱线=[0, 0, 0, 0, 0, 17393, 0], 贪婪线=[0, 0, 0, 0, 0, 0, 0].
公平均等分配比例为[0, 0, 0, 0, 0, 49.6943, 0], 优化分配比例为[0, 0, 0, 0, 0, 49, 0].
2. 温饱线分配完成，当前分配表为[0, 0, 0, 0, 0, 17150, 0], 剩余库存5279，更新贪婪线并进行分配=[0, 0, 0, 0, 0, 36940, 0].
公平均等分配比例为[0, 0, 0, 0, 0, 15.0829, 0], 优化分配比例为[0, 0, 0, 0, 0, 15, 0].
3. 贪婪线分配完成，最终分配表为[0, 0, 0, 0, 0, 22400, 0], 剩余库存17179.


INFO 2022-08-29 12:33:04,119 - C199671544 ==> 
1. prepack=360, 库存量为0, 不满足一个prepack，不进行任何分配.


INFO 2022-08-29 12:33:04,120 - C199671605 ==> 
1. prepack=180, 库存量为0, 不满足一个prepack，不进行任何分配.


INFO 2022-08-29 12:33:04,121 - C199672401 ==> 
1. 初次规整，库存量为1940, 温饱线=[0, 0, 0, 0, 8285, 0, 0], 贪婪线=[0, 0, 0, 0, 0, 0, 0].
公平均等分配比例为[0, 0, 0, 0, 8.0833, 0, 0], 优化分配比例为[0, 0, 0, 0, 8, 0, 0].
2. 库存量仅能先满足温饱线，最终分配表为[0, 0, 0, 0, 1920, 0, 0], 剩余库存20.


INFO 2022-08-29 12:33:04,122 - C199693453 ==> 
1. prepack=350, 库存量为0, 不满足一个prepack，不进行任何分配.


INFO 2022-08-29 12:33:04,123 - C400000444 ==> 
1. 初次规整，库存量为1151, 温饱线=[0, 0, 0, 0, 0, 0, 0], 贪婪线=[0, 0, 0, 2700, 0, 0, 0].
2. 温饱线分配完成，当前分配表为[0, 0, 0, 0, 0, 0, 0], 剩余库存1151，更新贪婪线并进行分配=[0, 0, 0, 2700, 0, 0, 0].
公平均等分配比例为[0, 0, 0, 3.8367, 0, 0, 0], 优化分配比例为[0, 0, 0, 3, 0, 0, 0].
3. 贪婪线分配完成，最终分配表为[0, 0, 0, 900, 0, 0, 0], 剩余库存251.


INFO 2022-08-29 12:33:04,124 - C400000884 ==> 
1. 初次规整，库存量为1222, 温饱线=[0, 0, 0, 0, 0, 0, 0], 贪婪线=[0, 0, 0, 0, 0, 0, 33].
2. 温饱线分配完成，当前分配表为[0, 0, 0, 0, 0, 0, 0], 剩余库存1222，更新贪婪线并进行分配=[0, 0, 0, 0, 0, 0, 33].
3. 贪婪线分配完成，最终分配表为[0, 0, 0, 0, 0, 0, 33]，剩余库存1189.


INFO 2022-08-29 12:33:04,124 - C400000887 ==> 
1. prepack=8, 库存量为0, 不满足一个prepack，不进行任何分配.


INFO 2022-08-29 12:33:04,125 - C400100189 ==> 
1. 初次规整，库存量为746, 温饱线=[0, 0, 0, 0, 0, 0, 0], 贪婪线=[0, 0, 0, 0, 0, 0, 397].
2. 温饱线分配完成，当前分配表为[0, 0, 0, 0, 0, 0, 0], 剩余库存746，更新贪婪线并进行分配=[0, 0, 0, 0, 0, 0, 397].
3. 贪婪线分配完成，最终分配表为[0, 0, 0, 0, 0, 0, 397]，剩余库存349.


INFO 2022-08-29 12:33:04,126 - C400100191 ==> 
1. 初次规整，库存量为11761, 温饱线=[0, 0, 0, 0, 0, 0, 0], 贪婪线=[0, 0, 0, 0, 0, 10244, 0].
2. 温饱线分配完成，当前分配表为[0, 0, 0, 0, 0, 0, 0], 剩余库存11761，更新贪婪线并进行分配=[0, 0, 0, 0, 0, 10244, 0].
3. 贪婪线分配完成，最终分配表为[0, 0, 0, 0, 0, 10244, 0]，剩余库存1517.


INFO 2022-08-29 12:33:04,127 - C400100198 ==> 
1. 初次规整，库存量为125, 温饱线=[0, 0, 0, 0, 0, 4000, 0], 贪婪线=[0, 0, 0, 0, 0, 0, 0].
公平均等分配比例为[0, 0, 0, 0, 0, 4.1667, 0], 优化分配比例为[0, 0, 0, 0, 0, 4, 0].
2. 库存量仅能先满足温饱线，最终分配表为[0, 0, 0, 0, 0, 120, 0], 剩余库存5.


INFO 2022-08-29 12:33:04,128 - C400100202 ==> 
1. prepack=8, 库存量为4, 不满足一个prepack，不进行任何分配.


INFO 2022-08-29 12:33:04,129 - C400100204 ==> 
1. 初次规整，库存量为14, 温饱线=[0, 0, 0, 0, 0, 0, 0], 贪婪线=[0, 0, 0, 0, 10, 0, 0].
2. 温饱线分配完成，当前分配表为[0, 0, 0, 0, 0, 0, 0], 剩余库存14，更新贪婪线并进行分配=[0, 0, 0, 0, 10, 0, 0].
3. 贪婪线分配完成，最终分配表为[0, 0, 0, 0, 10, 0, 0]，剩余库存4.


INFO 2022-08-29 12:33:04,130 - C400100205 ==> 
1. 初次规整，库存量为10, 温饱线=[0, 0, 0, 0, 0, 0, 0], 贪婪线=[0, 0, 0, 0, 10, 0, 0].
2. 温饱线分配完成，当前分配表为[0, 0, 0, 0, 0, 0, 0], 剩余库存10，更新贪婪线并进行分配=[0, 0, 0, 0, 10, 0, 0].
公平均等分配比例为[0, 0, 0, 0, 10.0, 0, 0], 优化分配比例为[0, 0, 0, 0, 10.0, 0, 0].
3. 贪婪线分配完成，最终分配表为[0, 0, 0, 0, 10.0, 0, 0], 剩余库存0.


INFO 2022-08-29 12:33:04,131 - C400100220 ==> 
1. 初次规整，库存量为2890, 温饱线=[0, 0, 0, 0, 0, 0, 0], 贪婪线=[0, 0, 0, 0, 0, 0, 50].
2. 温饱线分配完成，当前分配表为[0, 0, 0, 0, 0, 0, 0], 剩余库存2890，更新贪婪线并进行分配=[0, 0, 0, 0, 0, 0, 50].
3. 贪婪线分配完成，最终分配表为[0, 0, 0, 0, 0, 0, 50]，剩余库存2840.


INFO 2022-08-29 12:33:04,132 - C400100261 ==> 
1. 初次规整，库存量为246, 温饱线=[0, 0, 0, 0, 0, 0, 0], 贪婪线=[0, 0, 0, 0, 0, 0, 173].
2. 温饱线分配完成，当前分配表为[0, 0, 0, 0, 0, 0, 0], 剩余库存246，更新贪婪线并进行分配=[0, 0, 0, 0, 0, 0, 173].
3. 贪婪线分配完成，最终分配表为[0, 0, 0, 0, 0, 0, 173]，剩余库存73.


INFO 2022-08-29 12:33:04,132 - C400100283 ==> 
1. 初次规整，库存量为2592, 温饱线=[0, 0, 0, 0, 0, 0, 0], 贪婪线=[0, 0, 0, 0, 0, 0, 240].
2. 温饱线分配完成，当前分配表为[0, 0, 0, 0, 0, 0, 0], 剩余库存2592，更新贪婪线并进行分配=[0, 0, 0, 0, 0, 0, 240].
3. 贪婪线分配完成，最终分配表为[0, 0, 0, 0, 0, 0, 240]，剩余库存2352.


INFO 2022-08-29 12:33:04,133 - C400100284 ==> 
1. 初次规整，库存量为1506, 温饱线=[0, 0, 0, 0, 0, 0, 0], 贪婪线=[0, 0, 0, 0, 0, 0, 124].
2. 温饱线分配完成，当前分配表为[0, 0, 0, 0, 0, 0, 0], 剩余库存1506，更新贪婪线并进行分配=[0, 0, 0, 0, 0, 0, 124].
3. 贪婪线分配完成，最终分配表为[0, 0, 0, 0, 0, 0, 124]，剩余库存1382.


INFO 2022-08-29 12:33:04,134 - C400100288 ==> 
1. 初次规整，库存量为129, 温饱线=[0, 0, 0, 0, 0, 0, 0], 贪婪线=[0, 0, 0, 0, 0, 1547, 0].
2. 温饱线分配完成，当前分配表为[0, 0, 0, 0, 0, 0, 0], 剩余库存129，更新贪婪线并进行分配=[0, 0, 0, 0, 0, 1547, 0].
公平均等分配比例为[0, 0, 0, 0, 0, 25.8, 0], 优化分配比例为[0, 0, 0, 0, 0, 25, 0].
3. 贪婪线分配完成，最终分配表为[0, 0, 0, 0, 0, 125, 0], 剩余库存4.


INFO 2022-08-29 12:33:04,135 - C400100290 ==> 
1. 初次规整，库存量为404, 温饱线=[0, 0, 0, 0, 0, 0, 0], 贪婪线=[0, 0, 0, 0, 0, 0, 100].
2. 温饱线分配完成，当前分配表为[0, 0, 0, 0, 0, 0, 0], 剩余库存404，更新贪婪线并进行分配=[0, 0, 0, 0, 0, 0, 100].
3. 贪婪线分配完成，最终分配表为[0, 0, 0, 0, 0, 0, 100]，剩余库存304.


INFO 2022-08-29 12:33:04,136 - C400100304 ==> 
1. 初次规整，库存量为923, 温饱线=[0, 0, 0, 0, 0, 0, 0], 贪婪线=[0, 0, 0, 0, 3509, 0, 0].
2. 温饱线分配完成，当前分配表为[0, 0, 0, 0, 0, 0, 0], 剩余库存923，更新贪婪线并进行分配=[0, 0, 0, 0, 3509, 0, 0].
公平均等分配比例为[0, 0, 0, 0, 51.2778, 0, 0], 优化分配比例为[0, 0, 0, 0, 51, 0, 0].
3. 贪婪线分配完成，最终分配表为[0, 0, 0, 0, 918, 0, 0], 剩余库存5.


INFO 2022-08-29 12:33:04,137 - C400100318 ==> 
1. prepack=4, 库存量为0, 不满足一个prepack，不进行任何分配.


INFO 2022-08-29 12:33:04,138 - C400100379 ==> 
1. prepack=8, 库存量为0, 不满足一个prepack，不进行任何分配.


INFO 2022-08-29 12:33:04,139 - C400100420 ==> 
1. prepack=1, 库存量为0, 不满足一个prepack，不进行任何分配.


INFO 2022-08-29 12:33:04,140 - C400100567 ==> 
1. prepack=1, 库存量为0, 不满足一个prepack，不进行任何分配.


INFO 2022-08-29 12:33:04,141 - C400100589 ==> 
1. prepack=0, 库存量为0, 不满足一个prepack，不进行任何分配.


INFO 2022-08-29 12:33:04,141 - C400133579 ==> 
1. prepack=1, 库存量为0, 不满足一个prepack，不进行任何分配.


INFO 2022-08-29 12:33:04,142 - C400157271 ==> 
1. prepack=3, 库存量为0, 不满足一个prepack，不进行任何分配.


INFO 2022-08-29 12:33:04,143 - C400157272 ==> 
1. prepack=3, 库存量为0, 不满足一个prepack，不进行任何分配.


INFO 2022-08-29 12:33:04,144 - C400157273 ==> 
1. prepack=3, 库存量为0, 不满足一个prepack，不进行任何分配.


INFO 2022-08-29 12:33:04,145 - C400159269 ==> 
1. prepack=3, 库存量为0, 不满足一个prepack，不进行任何分配.


INFO 2022-08-29 12:33:04,146 - C400170285 ==> 
1. 初次规整，库存量为18, 温饱线=[0, 0, 0, 0, 0, 0, 0], 贪婪线=[0, 0, 0, 0, 0, 0, 94].
2. 温饱线分配完成，当前分配表为[0, 0, 0, 0, 0, 0, 0], 剩余库存18，更新贪婪线并进行分配=[0, 0, 0, 0, 0, 0, 94].
公平均等分配比例为[0, 0, 0, 0, 0, 0, 3.6], 优化分配比例为[0, 0, 0, 0, 0, 0, 3].
3. 贪婪线分配完成，最终分配表为[0, 0, 0, 0, 0, 0, 15], 剩余库存3.


INFO 2022-08-29 12:33:04,147 - C603400200 ==> 
1. 初次规整，库存量为8765, 温饱线=[0, 0, 0, 0, 0, 0, 0], 贪婪线=[0, 0, 0, 100, 0, 0, 0].
2. 温饱线分配完成，当前分配表为[0, 0, 0, 0, 0, 0, 0], 剩余库存8765，更新贪婪线并进行分配=[0, 0, 0, 100, 0, 0, 0].
3. 贪婪线分配完成，最终分配表为[0, 0, 0, 100, 0, 0, 0]，剩余库存8665.


INFO 2022-08-29 12:33:04,148 - C603400300 ==> 
1. 初次规整，库存量为10453, 温饱线=[0, 0, 0, 0, 0, 0, 0], 贪婪线=[0, 0, 0, 0, 300, 0, 0].
2. 温饱线分配完成，当前分配表为[0, 0, 0, 0, 0, 0, 0], 剩余库存10453，更新贪婪线并进行分配=[0, 0, 0, 0, 300, 0, 0].
3. 贪婪线分配完成，最终分配表为[0, 0, 0, 0, 300, 0, 0]，剩余库存10153.


INFO 2022-08-29 12:33:04,148 - C603600200 ==> 
1. 初次规整，库存量为3695, 温饱线=[0, 0, 0, 0, 0, 0, 0], 贪婪线=[64, 0, 0, 0, 96, 432, 0].
2. 温饱线分配完成，当前分配表为[0, 0, 0, 0, 0, 0, 0], 剩余库存3695，更新贪婪线并进行分配=[64, 0, 0, 0, 96, 432, 0].
3. 贪婪线分配完成，最终分配表为[64, 0, 0, 0, 96, 432, 0]，剩余库存3103.


INFO 2022-08-29 12:33:04,149 - C610060090 ==> 
1. prepack=320, 库存量为0, 不满足一个prepack，不进行任何分配.


INFO 2022-08-29 12:33:04,150 - C617700050 ==> 
1. 初次规整，库存量为7920, 温饱线=[0, 0, 0, 0, 0, 0, 0], 贪婪线=[4312, 0, 0, 0, 0, 2880, 0].
2. 温饱线分配完成，当前分配表为[0, 0, 0, 0, 0, 0, 0], 剩余库存7920，更新贪婪线并进行分配=[4312, 0, 0, 0, 0, 2880, 0].
3. 贪婪线分配完成，最终分配表为[4312, 0, 0, 0, 0, 2880, 0]，剩余库存728.


INFO 2022-08-29 12:33:04,151 - C617700100 ==> 
1. 初次规整，库存量为3254, 温饱线=[0, 0, 0, 0, 0, 0, 0], 贪婪线=[0, 0, 0, 0, 0, 0, 0].
2. 温饱线分配完成，当前分配表为[0, 0, 0, 0, 0, 0, 0], 剩余库存3254，更新贪婪线并进行分配=[0, 0, 0, 0, 0, 0, 0].
3. 贪婪线分配完成，最终分配表为[0, 0, 0, 0, 0, 0, 0]，剩余库存3254.


INFO 2022-08-29 12:33:04,152 - C800000140 ==> 
1. prepack=1, 库存量为0, 不满足一个prepack，不进行任何分配.


INFO 2022-08-29 12:33:04,153 - C800000152 ==> 
1. prepack=160, 库存量为0, 不满足一个prepack，不进行任何分配.


INFO 2022-08-29 12:33:04,154 - C800000440 ==> 
1. prepack=1, 库存量为0, 不满足一个prepack，不进行任何分配.


INFO 2022-08-29 12:33:04,154 - C800000506 ==> 
1. 初次规整，库存量为684, 温饱线=[0, 0, 0, 0, 0, 0, 0], 贪婪线=[0, 0, 0, 0, 0, 300, 0].
2. 温饱线分配完成，当前分配表为[0, 0, 0, 0, 0, 0, 0], 剩余库存684，更新贪婪线并进行分配=[0, 0, 0, 0, 0, 300, 0].
3. 贪婪线分配完成，最终分配表为[0, 0, 0, 0, 0, 300, 0]，剩余库存384.


INFO 2022-08-29 12:33:04,155 - C800000507 ==> 
1. 初次规整，库存量为852, 温饱线=[0, 0, 0, 0, 0, 0, 0], 贪婪线=[0, 0, 0, 72, 0, 0, 0].
2. 温饱线分配完成，当前分配表为[0, 0, 0, 0, 0, 0, 0], 剩余库存852，更新贪婪线并进行分配=[0, 0, 0, 72, 0, 0, 0].
3. 贪婪线分配完成，最终分配表为[0, 0, 0, 72, 0, 0, 0]，剩余库存780.


INFO 2022-08-29 12:33:04,156 - C800000543 ==> 
1. prepack=27, 库存量为0, 不满足一个prepack，不进行任何分配.


INFO 2022-08-29 12:33:04,157 - C800000815 ==> 
1. 初次规整，库存量为167, 温饱线=[0, 0, 0, 0, 0, 0, 0], 贪婪线=[0, 0, 0, 58, 0, 0, 0].
2. 温饱线分配完成，当前分配表为[0, 0, 0, 0, 0, 0, 0], 剩余库存167，更新贪婪线并进行分配=[0, 0, 0, 58, 0, 0, 0].
3. 贪婪线分配完成，最终分配表为[0, 0, 0, 58, 0, 0, 0]，剩余库存109.


INFO 2022-08-29 12:33:04,158 - C800100009 ==> 
1. 初次规整，库存量为436, 温饱线=[0, 0, 0, 0, 0, 0, 0], 贪婪线=[0, 0, 0, 78, 0, 78, 0].
2. 温饱线分配完成，当前分配表为[0, 0, 0, 0, 0, 0, 0], 剩余库存436，更新贪婪线并进行分配=[0, 0, 0, 78, 0, 78, 0].
3. 贪婪线分配完成，最终分配表为[0, 0, 0, 78, 0, 78, 0]，剩余库存280.


INFO 2022-08-29 12:33:04,159 - C800100011 ==> 
1. 初次规整，库存量为146, 温饱线=[0, 0, 0, 0, 0, 0, 0], 贪婪线=[0, 0, 0, 0, 0, 73, 0].
2. 温饱线分配完成，当前分配表为[0, 0, 0, 0, 0, 0, 0], 剩余库存146，更新贪婪线并进行分配=[0, 0, 0, 0, 0, 73, 0].
3. 贪婪线分配完成，最终分配表为[0, 0, 0, 0, 0, 73, 0]，剩余库存73.


INFO 2022-08-29 12:33:04,160 - C800100342 ==> 
1. 初次规整，库存量为25196, 温饱线=[0, 0, 0, 0, 0, 0, 0], 贪婪线=[0, 0, 0, 1680, 0, 0, 0].
2. 温饱线分配完成，当前分配表为[0, 0, 0, 0, 0, 0, 0], 剩余库存25196，更新贪婪线并进行分配=[0, 0, 0, 1680, 0, 0, 0].
3. 贪婪线分配完成，最终分配表为[0, 0, 0, 1680, 0, 0, 0]，剩余库存23516.


INFO 2022-08-29 12:33:04,161 - C800100637 ==> 
1. 初次规整，库存量为396, 温饱线=[0, 0, 0, 0, 0, 0, 0], 贪婪线=[0, 0, 0, 0, 0, 67, 0].
2. 温饱线分配完成，当前分配表为[0, 0, 0, 0, 0, 0, 0], 剩余库存396，更新贪婪线并进行分配=[0, 0, 0, 0, 0, 67, 0].
3. 贪婪线分配完成，最终分配表为[0, 0, 0, 0, 0, 67, 0]，剩余库存329.


INFO 2022-08-29 12:33:04,161 - C800100738 ==> 
1. 初次规整，库存量为10186, 温饱线=[0, 0, 0, 0, 0, 0, 0], 贪婪线=[0, 0, 0, 58, 0, 760, 0].
2. 温饱线分配完成，当前分配表为[0, 0, 0, 0, 0, 0, 0], 剩余库存10186，更新贪婪线并进行分配=[0, 0, 0, 58, 0, 760, 0].
3. 贪婪线分配完成，最终分配表为[0, 0, 0, 58, 0, 760, 0]，剩余库存9368.


INFO 2022-08-29 12:33:04,162 - C800100851 ==> 
1. 初次规整，库存量为42292, 温饱线=[0, 0, 0, 0, 0, 0, 0], 贪婪线=[0, 0, 350, 1200, 0, 0, 0].
2. 温饱线分配完成，当前分配表为[0, 0, 0, 0, 0, 0, 0], 剩余库存42292，更新贪婪线并进行分配=[0, 0, 350, 1200, 0, 0, 0].
3. 贪婪线分配完成，最终分配表为[0, 0, 350, 1200, 0, 0, 0]，剩余库存40742.


INFO 2022-08-29 12:33:04,163 - C800200023 ==> 
1. prepack=112, 库存量为0, 不满足一个prepack，不进行任何分配.


INFO 2022-08-29 12:33:04,164 - C800200337 ==> 
1. 初次规整，库存量为1125, 温饱线=[0, 0, 0, 0, 0, 0, 0], 贪婪线=[201, 0, 0, 0, 0, 0, 0].
2. 温饱线分配完成，当前分配表为[0, 0, 0, 0, 0, 0, 0], 剩余库存1125，更新贪婪线并进行分配=[201, 0, 0, 0, 0, 0, 0].
3. 贪婪线分配完成，最终分配表为[201, 0, 0, 0, 0, 0, 0]，剩余库存924.


INFO 2022-08-29 12:33:04,165 - C800200566 ==> 
1. prepack=1, 库存量为0, 不满足一个prepack，不进行任何分配.


INFO 2022-08-29 12:33:04,166 - C800200964 ==> 
1. prepack=1, 库存量为0, 不满足一个prepack，不进行任何分配.


INFO 2022-08-29 12:33:04,167 - C800241060 ==> 
1. prepack=96, 库存量为0, 不满足一个prepack，不进行任何分配.


INFO 2022-08-29 12:33:04,168 - C800260487 ==> 
1. prepack=1, 库存量为0, 不满足一个prepack，不进行任何分配.


INFO 2022-08-29 12:33:04,168 - C800300683 ==> 
1. prepack=60, 库存量为8, 不满足一个prepack，不进行任何分配.


INFO 2022-08-29 12:33:04,169 - C800300726 ==> 
1. prepack=1, 库存量为0, 不满足一个prepack，不进行任何分配.


INFO 2022-08-29 12:33:04,170 - C800300876 ==> 
1. prepack=1, 库存量为0, 不满足一个prepack，不进行任何分配.


INFO 2022-08-29 12:33:04,171 - C800300959 ==> 
1. 初次规整，库存量为839, 温饱线=[0, 0, 0, 0, 0, 0, 0], 贪婪线=[229, 0, 0, 0, 0, 0, 0].
2. 温饱线分配完成，当前分配表为[0, 0, 0, 0, 0, 0, 0], 剩余库存839，更新贪婪线并进行分配=[229, 0, 0, 0, 0, 0, 0].
3. 贪婪线分配完成，最终分配表为[229, 0, 0, 0, 0, 0, 0]，剩余库存610.


INFO 2022-08-29 12:33:04,172 - C800300960 ==> 
1. 初次规整，库存量为9901, 温饱线=[0, 0, 0, 0, 0, 0, 0], 贪婪线=[0, 0, 0, 0, 0, 1260, 0].
2. 温饱线分配完成，当前分配表为[0, 0, 0, 0, 0, 0, 0], 剩余库存9901，更新贪婪线并进行分配=[0, 0, 0, 0, 0, 1260, 0].
3. 贪婪线分配完成，最终分配表为[0, 0, 0, 0, 0, 1260, 0]，剩余库存8641.


INFO 2022-08-29 12:33:04,173 - C800300961 ==> 
1. 初次规整，库存量为165, 温饱线=[0, 0, 0, 0, 0, 0, 0], 贪婪线=[0, 0, 0, 0, 0, 240, 0].
2. 温饱线分配完成，当前分配表为[0, 0, 0, 0, 0, 0, 0], 剩余库存165，更新贪婪线并进行分配=[0, 0, 0, 0, 0, 240, 0].
公平均等分配比例为[0, 0, 0, 0, 0, 4.125, 0], 优化分配比例为[0, 0, 0, 0, 0, 4, 0].
3. 贪婪线分配完成，最终分配表为[0, 0, 0, 0, 0, 160, 0], 剩余库存5.


INFO 2022-08-29 12:33:04,174 - C800370685 ==> 
1. prepack=1, 库存量为0, 不满足一个prepack，不进行任何分配.


INFO 2022-08-29 12:33:04,175 - C800400095 ==> 
1. 初次规整，库存量为71, 温饱线=[0, 0, 0, 66, 0, 0, 0], 贪婪线=[0, 0, 0, 0, 0, 0, 0].
公平均等分配比例为[0, 0, 0, 1.1786, 0, 0, 0], 优化分配比例为[0, 0, 0, 1, 0, 0, 0].
2. 温饱线分配完成，当前分配表为[0, 0, 0, 56, 0, 0, 0], 剩余库存15，更新贪婪线并进行分配=[0, 0, 0, 0, 0, 0, 0].
3. 贪婪线分配完成，最终分配表为[0, 0, 0, 56, 0, 0, 0]，剩余库存15.


INFO 2022-08-29 12:33:04,175 - C800400100 ==> 
1. 初次规整，库存量为229, 温饱线=[0, 0, 0, 0, 0, 0, 0], 贪婪线=[0, 0, 0, 0, 0, 1, 0].
2. 温饱线分配完成，当前分配表为[0, 0, 0, 0, 0, 0, 0], 剩余库存229，更新贪婪线并进行分配=[0, 0, 0, 0, 0, 1, 0].
3. 贪婪线分配完成，最终分配表为[0, 0, 0, 0, 0, 1, 0]，剩余库存228.


INFO 2022-08-29 12:33:04,176 - C800400101 ==> 
1. prepack=20, 库存量为1, 不满足一个prepack，不进行任何分配.


INFO 2022-08-29 12:33:04,177 - C800400104 ==> 
1. 初次规整，库存量为1035, 温饱线=[24, 0, 0, 0, 0, 960, 0], 贪婪线=[0, 0, 0, 0, 0, 0, 0].
公平均等分配比例为[0.0267, 0, 0, 0, 0, 1.0667, 0], 优化分配比例为[0, 0, 0, 0, 0, 1, 0].
2. 温饱线分配完成，当前分配表为[0, 0, 0, 0, 0, 900, 0], 剩余库存135，更新贪婪线并进行分配=[900, 0, 0, 0, 0, 60, 0].
公平均等分配比例为[0.1406, 0, 0, 0, 0, 0.0094, 0], 优化分配比例为[0, 0, 0, 0, 0, 0.0667, 0].
3. 贪婪线分配完成，最终分配表为[0, 0, 0, 0, 0, 960.0, 0], 剩余库存975.


INFO 2022-08-29 12:33:04,178 - C800400105 ==> 
1. 初次规整，库存量为1187, 温饱线=[0, 0, 0, 0, 0, 0, 0], 贪婪线=[0, 0, 0, 0, 0, 640, 0].
2. 温饱线分配完成，当前分配表为[0, 0, 0, 0, 0, 0, 0], 剩余库存1187，更新贪婪线并进行分配=[0, 0, 0, 0, 0, 640, 0].
3. 贪婪线分配完成，最终分配表为[0, 0, 0, 0, 0, 640, 0]，剩余库存547.


INFO 2022-08-29 12:33:04,179 - C800400174 ==> 
1. 初次规整，库存量为7636, 温饱线=[0, 0, 0, 0, 0, 0, 0], 贪婪线=[0, 0, 0, 120, 0, 0, 0].
2. 温饱线分配完成，当前分配表为[0, 0, 0, 0, 0, 0, 0], 剩余库存7636，更新贪婪线并进行分配=[0, 0, 0, 120, 0, 0, 0].
3. 贪婪线分配完成，最终分配表为[0, 0, 0, 120, 0, 0, 0]，剩余库存7516.


INFO 2022-08-29 12:33:04,180 - C800400218 ==> 
1. prepack=1, 库存量为0, 不满足一个prepack，不进行任何分配.


INFO 2022-08-29 12:33:04,181 - C800400219 ==> 
1. prepack=90, 库存量为0, 不满足一个prepack，不进行任何分配.


INFO 2022-08-29 12:33:04,181 - C800400297 ==> 
1. prepack=20, 库存量为2, 不满足一个prepack，不进行任何分配.


INFO 2022-08-29 12:33:04,182 - C800400321 ==> 
1. 初次规整，库存量为15, 温饱线=[0, 0, 0, 0, 0, 0, 0], 贪婪线=[4, 0, 0, 0, 0, 0, 0].
2. 温饱线分配完成，当前分配表为[0, 0, 0, 0, 0, 0, 0], 剩余库存15，更新贪婪线并进行分配=[4, 0, 0, 0, 0, 0, 0].
3. 贪婪线分配完成，最终分配表为[4, 0, 0, 0, 0, 0, 0]，剩余库存11.


INFO 2022-08-29 12:33:04,183 - C800400485 ==> 
1. 初次规整，库存量为1986, 温饱线=[0, 0, 0, 0, 0, 0, 0], 贪婪线=[0, 0, 0, 2520, 0, 0, 0].
2. 温饱线分配完成，当前分配表为[0, 0, 0, 0, 0, 0, 0], 剩余库存1986，更新贪婪线并进行分配=[0, 0, 0, 2520, 0, 0, 0].
公平均等分配比例为[0, 0, 0, 7.0929, 0, 0, 0], 优化分配比例为[0, 0, 0, 7, 0, 0, 0].
3. 贪婪线分配完成，最终分配表为[0, 0, 0, 1960, 0, 0, 0], 剩余库存26.


INFO 2022-08-29 12:33:04,184 - C800400631 ==> 
1. 初次规整，库存量为20, 温饱线=[0, 0, 0, 0, 0, 0, 0], 贪婪线=[0, 20, 0, 0, 0, 0, 0].
2. 温饱线分配完成，当前分配表为[0, 0, 0, 0, 0, 0, 0], 剩余库存20，更新贪婪线并进行分配=[0, 20, 0, 0, 0, 0, 0].
公平均等分配比例为[0, 20.0, 0, 0, 0, 0, 0], 优化分配比例为[0, 20.0, 0, 0, 0, 0, 0].
3. 贪婪线分配完成，最终分配表为[0, 20.0, 0, 0, 0, 0, 0], 剩余库存0.


INFO 2022-08-29 12:33:04,185 - C800400857 ==> 
1. 初次规整，库存量为328, 温饱线=[0, 0, 0, 0, 0, 0, 0], 贪婪线=[0, 50, 0, 0, 0, 0, 0].
2. 温饱线分配完成，当前分配表为[0, 0, 0, 0, 0, 0, 0], 剩余库存328，更新贪婪线并进行分配=[0, 50, 0, 0, 0, 0, 0].
3. 贪婪线分配完成，最终分配表为[0, 50, 0, 0, 0, 0, 0]，剩余库存278.


INFO 2022-08-29 12:33:04,186 - C800472196 ==> 
1. prepack=1, 库存量为0, 不满足一个prepack，不进行任何分配.


INFO 2022-08-29 12:33:04,187 - C800473682 ==> 
1. prepack=0, 库存量为0, 不满足一个prepack，不进行任何分配.


INFO 2022-08-29 12:33:04,188 - C800492171 ==> 
1. prepack=1, 库存量为0, 不满足一个prepack，不进行任何分配.


INFO 2022-08-29 12:33:04,188 - C800500074 ==> 
1. prepack=0, 库存量为0, 不满足一个prepack，不进行任何分配.


INFO 2022-08-29 12:33:04,189 - C800500075 ==> 
1. prepack=0, 库存量为0, 不满足一个prepack，不进行任何分配.


INFO 2022-08-29 12:33:04,190 - C800500076 ==> 
1. prepack=0, 库存量为0, 不满足一个prepack，不进行任何分配.


INFO 2022-08-29 12:33:04,191 - C800500077 ==> 
1. prepack=0, 库存量为0, 不满足一个prepack，不进行任何分配.


INFO 2022-08-29 12:33:04,192 - C800500078 ==> 
1. prepack=0, 库存量为0, 不满足一个prepack，不进行任何分配.


INFO 2022-08-29 12:33:04,193 - C800500079 ==> 
1. prepack=0, 库存量为0, 不满足一个prepack，不进行任何分配.


INFO 2022-08-29 12:33:04,194 - C800500080 ==> 
1. prepack=0, 库存量为0, 不满足一个prepack，不进行任何分配.


INFO 2022-08-29 12:33:04,195 - C800500081 ==> 
1. prepack=0, 库存量为0, 不满足一个prepack，不进行任何分配.


INFO 2022-08-29 12:33:04,195 - C800500082 ==> 
1. prepack=0, 库存量为0, 不满足一个prepack，不进行任何分配.


INFO 2022-08-29 12:33:04,196 - C800500083 ==> 
1. prepack=0, 库存量为0, 不满足一个prepack，不进行任何分配.


INFO 2022-08-29 12:33:04,197 - C800500084 ==> 
1. prepack=0, 库存量为0, 不满足一个prepack，不进行任何分配.


INFO 2022-08-29 12:33:04,198 - C800500085 ==> 
1. prepack=0, 库存量为0, 不满足一个prepack，不进行任何分配.


INFO 2022-08-29 12:33:04,199 - C800500086 ==> 
1. prepack=0, 库存量为0, 不满足一个prepack，不进行任何分配.


INFO 2022-08-29 12:33:04,200 - C800500087 ==> 
1. prepack=0, 库存量为0, 不满足一个prepack，不进行任何分配.


INFO 2022-08-29 12:33:04,201 - C800500088 ==> 
1. prepack=0, 库存量为0, 不满足一个prepack，不进行任何分配.


INFO 2022-08-29 12:33:04,201 - C800500089 ==> 
1. prepack=0, 库存量为0, 不满足一个prepack，不进行任何分配.


INFO 2022-08-29 12:33:04,202 - C800500090 ==> 
1. prepack=0, 库存量为0, 不满足一个prepack，不进行任何分配.


INFO 2022-08-29 12:33:04,203 - C800500091 ==> 
1. prepack=0, 库存量为0, 不满足一个prepack，不进行任何分配.


INFO 2022-08-29 12:33:04,204 - C800500092 ==> 
1. prepack=0, 库存量为0, 不满足一个prepack，不进行任何分配.


INFO 2022-08-29 12:33:04,205 - C800500093 ==> 
1. prepack=0, 库存量为0, 不满足一个prepack，不进行任何分配.


INFO 2022-08-29 12:33:04,206 - C800500094 ==> 
1. prepack=0, 库存量为0, 不满足一个prepack，不进行任何分配.


INFO 2022-08-29 12:33:04,207 - C800500095 ==> 
1. prepack=0, 库存量为0, 不满足一个prepack，不进行任何分配.


INFO 2022-08-29 12:33:04,207 - C800500096 ==> 
1. prepack=0, 库存量为0, 不满足一个prepack，不进行任何分配.


INFO 2022-08-29 12:33:04,208 - C800500098 ==> 
1. prepack=0, 库存量为0, 不满足一个prepack，不进行任何分配.


INFO 2022-08-29 12:33:04,209 - C800500102 ==> 
1. prepack=0, 库存量为0, 不满足一个prepack，不进行任何分配.


INFO 2022-08-29 12:33:04,210 - C800500104 ==> 
1. prepack=0, 库存量为0, 不满足一个prepack，不进行任何分配.


INFO 2022-08-29 12:33:04,211 - C800500106 ==> 
1. prepack=0, 库存量为0, 不满足一个prepack，不进行任何分配.


INFO 2022-08-29 12:33:04,212 - C800500108 ==> 
1. prepack=0, 库存量为0, 不满足一个prepack，不进行任何分配.


INFO 2022-08-29 12:33:04,213 - C800500222 ==> 
1. prepack=1, 库存量为0, 不满足一个prepack，不进行任何分配.


INFO 2022-08-29 12:33:04,213 - C895000014 ==> 
1. prepack=125, 库存量为0, 不满足一个prepack，不进行任何分配.


INFO 2022-08-29 12:33:04,214 - C895000016 ==> 
1. prepack=25, 库存量为0, 不满足一个prepack，不进行任何分配.


INFO 2022-08-29 12:33:04,215 - C895000058 ==> 
1. 初次规整，库存量为326, 温饱线=[0, 0, 0, 0, 0, 0, 0], 贪婪线=[0, 0, 0, 64, 48, 15, 0].
2. 温饱线分配完成，当前分配表为[0, 0, 0, 0, 0, 0, 0], 剩余库存326，更新贪婪线并进行分配=[0, 0, 0, 64, 48, 15, 0].
3. 贪婪线分配完成，最终分配表为[0, 0, 0, 64, 48, 15, 0]，剩余库存199.


INFO 2022-08-29 12:33:04,216 - C895000059 ==> 
1. 初次规整，库存量为23, 温饱线=[0, 0, 0, 0, 2, 0, 0], 贪婪线=[0, 0, 0, 15, 0, 0, 0].
公平均等分配比例为[0, 0, 0, 0, 0.1333, 0, 0], 优化分配比例为[0, 0, 0, 0, 0, 0, 0].
2. 温饱线分配完成，当前分配表为[0, 0, 0, 0, 0, 0, 0], 剩余库存23，更新贪婪线并进行分配=[0, 0, 0, 15, 15, 0, 0].
公平均等分配比例为[0, 0, 0, 0.7667, 0.7667, 0, 0], 优化分配比例为[0, 0, 0, 1, 0, 0, 0].
3. 贪婪线分配完成，最终分配表为[0, 0, 0, 15, 0, 0, 0], 剩余库存8.


INFO 2022-08-29 12:33:04,217 - C895000061 ==> 
1. 初次规整，库存量为90, 温饱线=[0, 0, 0, 0, 0, 0, 0], 贪婪线=[0, 0, 0, 30, 0, 0, 0].
2. 温饱线分配完成，当前分配表为[0, 0, 0, 0, 0, 0, 0], 剩余库存90，更新贪婪线并进行分配=[0, 0, 0, 30, 0, 0, 0].
3. 贪婪线分配完成，最终分配表为[0, 0, 0, 30, 0, 0, 0]，剩余库存60.


INFO 2022-08-29 12:33:04,218 - C895000063 ==> 
1. 初次规整，库存量为263, 温饱线=[0, 0, 0, 0, 0, 0, 0], 贪婪线=[0, 0, 0, 36, 144, 0, 0].
2. 温饱线分配完成，当前分配表为[0, 0, 0, 0, 0, 0, 0], 剩余库存263，更新贪婪线并进行分配=[0, 0, 0, 36, 144, 0, 0].
3. 贪婪线分配完成，最终分配表为[0, 0, 0, 36, 144, 0, 0]，剩余库存83.


INFO 2022-08-29 12:33:04,219 - C895000065 ==> 
1. 初次规整，库存量为862, 温饱线=[0, 0, 0, 0, 0, 0, 0], 贪婪线=[0, 0, 0, 0, 0, 5, 0].
2. 温饱线分配完成，当前分配表为[0, 0, 0, 0, 0, 0, 0], 剩余库存862，更新贪婪线并进行分配=[0, 0, 0, 0, 0, 5, 0].
3. 贪婪线分配完成，最终分配表为[0, 0, 0, 0, 0, 5, 0]，剩余库存857.


INFO 2022-08-29 12:33:04,220 - C895000066 ==> 
1. 初次规整，库存量为1496, 温饱线=[0, 0, 0, 0, 0, 0, 0], 贪婪线=[0, 15, 0, 60, 135, 0, 0].
2. 温饱线分配完成，当前分配表为[0, 0, 0, 0, 0, 0, 0], 剩余库存1496，更新贪婪线并进行分配=[0, 15, 0, 60, 135, 0, 0].
3. 贪婪线分配完成，最终分配表为[0, 15, 0, 60, 135, 0, 0]，剩余库存1286.


INFO 2022-08-29 12:33:04,221 - C895000068 ==> 
1. 初次规整，库存量为325, 温饱线=[0, 0, 0, 0, 0, 0, 0], 贪婪线=[0, 0, 0, 0, 84, 0, 0].
2. 温饱线分配完成，当前分配表为[0, 0, 0, 0, 0, 0, 0], 剩余库存325，更新贪婪线并进行分配=[0, 0, 0, 0, 84, 0, 0].
3. 贪婪线分配完成，最终分配表为[0, 0, 0, 0, 84, 0, 0]，剩余库存241.


INFO 2022-08-29 12:33:04,221 - C895000118 ==> 
1. prepack=36, 库存量为0, 不满足一个prepack，不进行任何分配.


INFO 2022-08-29 12:33:04,222 - C913100034 ==> 
1. 初次规整，库存量为59, 温饱线=[0, 0, 0, 0, 0, 0, 0], 贪婪线=[0, 3, 0, 0, 0, 0, 0].
2. 温饱线分配完成，当前分配表为[0, 0, 0, 0, 0, 0, 0], 剩余库存59，更新贪婪线并进行分配=[0, 3, 0, 0, 0, 0, 0].
3. 贪婪线分配完成，最终分配表为[0, 3, 0, 0, 0, 0, 0]，剩余库存56.


INFO 2022-08-29 12:33:04,223 - C917200001 ==> 
1. prepack=400, 库存量为42, 不满足一个prepack，不进行任何分配.


INFO 2022-08-29 12:33:04,224 - C917700001 ==> 
1. prepack=320, 库存量为0, 不满足一个prepack，不进行任何分配.


INFO 2022-08-29 12:33:04,225 - C918200032 ==> 
1. prepack=28, 库存量为0, 不满足一个prepack，不进行任何分配.


INFO 2022-08-29 12:33:04,226 - C918200034 ==> 
1. prepack=28, 库存量为0, 不满足一个prepack，不进行任何分配.


INFO 2022-08-29 12:33:04,227 - C918200036 ==> 
1. prepack=28, 库存量为0, 不满足一个prepack，不进行任何分配.


INFO 2022-08-29 12:33:04,227 - C918200038 ==> 
1. prepack=28, 库存量为0, 不满足一个prepack，不进行任何分配.


INFO 2022-08-29 12:33:04,228 - C918200040 ==> 
1. prepack=28, 库存量为0, 不满足一个prepack，不进行任何分配.


INFO 2022-08-29 12:33:04,229 - C918300032 ==> 
1. prepack=26, 库存量为0, 不满足一个prepack，不进行任何分配.


INFO 2022-08-29 12:33:04,230 - C918300034 ==> 
1. prepack=26, 库存量为0, 不满足一个prepack，不进行任何分配.


INFO 2022-08-29 12:33:04,231 - C918300036 ==> 
1. prepack=26, 库存量为14, 不满足一个prepack，不进行任何分配.


INFO 2022-08-29 12:33:04,232 - C918300038 ==> 
1. prepack=26, 库存量为0, 不满足一个prepack，不进行任何分配.


INFO 2022-08-29 12:33:04,233 - C918300040 ==> 
1. prepack=26, 库存量为0, 不满足一个prepack，不进行任何分配.


INFO 2022-08-29 12:33:04,233 - C918300042 ==> 
1. prepack=26, 库存量为13, 不满足一个prepack，不进行任何分配.


INFO 2022-08-29 12:33:04,234 - C918300044 ==> 
1. prepack=26, 库存量为0, 不满足一个prepack，不进行任何分配.


INFO 2022-08-29 12:33:04,235 - C918500001 ==> 
1. prepack=20, 库存量为0, 不满足一个prepack，不进行任何分配.


INFO 2022-08-29 12:33:04,236 - C918500002 ==> 
1. prepack=20, 库存量为0, 不满足一个prepack，不进行任何分配.


INFO 2022-08-29 12:33:04,237 - C918500003 ==> 
1. prepack=20, 库存量为0, 不满足一个prepack，不进行任何分配.


INFO 2022-08-29 12:33:04,238 - C918500004 ==> 
1. prepack=20, 库存量为0, 不满足一个prepack，不进行任何分配.


INFO 2022-08-29 12:33:04,239 - C918500005 ==> 
1. prepack=20, 库存量为0, 不满足一个prepack，不进行任何分配.


INFO 2022-08-29 12:33:04,239 - C918500007 ==> 
1. prepack=20, 库存量为0, 不满足一个prepack，不进行任何分配.


INFO 2022-08-29 12:33:04,240 - C919000002 ==> 
1. prepack=16, 库存量为0, 不满足一个prepack，不进行任何分配.


INFO 2022-08-29 12:33:04,241 - C919000003 ==> 
1. prepack=16, 库存量为0, 不满足一个prepack，不进行任何分配.


INFO 2022-08-29 12:33:04,242 - C919000004 ==> 
1. prepack=16, 库存量为0, 不满足一个prepack，不进行任何分配.


INFO 2022-08-29 12:33:04,243 - C919000005 ==> 
1. prepack=16, 库存量为0, 不满足一个prepack，不进行任何分配.


INFO 2022-08-29 12:33:04,244 - C919400005 ==> 
1. prepack=50, 库存量为0, 不满足一个prepack，不进行任何分配.


INFO 2022-08-29 12:33:04,245 - C919900002 ==> 
1. prepack=50, 库存量为0, 不满足一个prepack，不进行任何分配.


INFO 2022-08-29 12:33:04,246 - C919900003 ==> 
1. prepack=45, 库存量为0, 不满足一个prepack，不进行任何分配.


INFO 2022-08-29 12:33:04,246 - C919900004 ==> 
1. prepack=45, 库存量为0, 不满足一个prepack，不进行任何分配.


INFO 2022-08-29 12:33:04,247 - C919900005 ==> 
1. prepack=31, 库存量为0, 不满足一个prepack，不进行任何分配.


INFO 2022-08-29 12:33:04,248 - C920000003 ==> 
1. prepack=40, 库存量为0, 不满足一个prepack，不进行任何分配.


INFO 2022-08-29 12:33:04,249 - C920000004 ==> 
1. prepack=30, 库存量为0, 不满足一个prepack，不进行任何分配.


INFO 2022-08-29 12:33:04,250 - C920000007 ==> 
1. prepack=4, 库存量为0, 不满足一个prepack，不进行任何分配.


INFO 2022-08-29 12:33:04,251 - C920100002 ==> 
1. prepack=42, 库存量为0, 不满足一个prepack，不进行任何分配.


INFO 2022-08-29 12:33:04,252 - C920100003 ==> 
1. prepack=1, 库存量为0, 不满足一个prepack，不进行任何分配.


INFO 2022-08-29 12:33:04,253 - C920100004 ==> 
1. prepack=22, 库存量为0, 不满足一个prepack，不进行任何分配.


INFO 2022-08-29 12:33:04,253 - C920100005 ==> 
1. prepack=8, 库存量为0, 不满足一个prepack，不进行任何分配.


INFO 2022-08-29 12:33:04,254 - C920300002 ==> 
1. prepack=1, 库存量为0, 不满足一个prepack，不进行任何分配.


INFO 2022-08-29 12:33:04,255 - C920300003 ==> 
1. prepack=45, 库存量为0, 不满足一个prepack，不进行任何分配.


INFO 2022-08-29 12:33:04,256 - C920300004 ==> 
1. prepack=1, 库存量为0, 不满足一个prepack，不进行任何分配.


INFO 2022-08-29 12:33:04,257 - C920600001 ==> 
1. prepack=45, 库存量为0, 不满足一个prepack，不进行任何分配.


INFO 2022-08-29 12:33:04,258 - F092953000 ==> 
1. prepack=8, 库存量为1, 不满足一个prepack，不进行任何分配.


INFO 2022-08-29 12:33:04,259 - F096244000 ==> 
1. prepack=600, 库存量为0, 不满足一个prepack，不进行任何分配.


INFO 2022-08-29 12:33:04,259 - F096450000 ==> 
1. 初次规整，库存量为56497, 温饱线=[0, 0, 0, 0, 0, 0, 0], 贪婪线=[0, 0, 0, 1440, 0, 7200, 0].
2. 温饱线分配完成，当前分配表为[0, 0, 0, 0, 0, 0, 0], 剩余库存56497，更新贪婪线并进行分配=[0, 0, 0, 1440, 0, 7200, 0].
3. 贪婪线分配完成，最终分配表为[0, 0, 0, 1440, 0, 7200, 0]，剩余库存47857.


INFO 2022-08-29 12:33:04,260 - F099018000 ==> 
1. prepack=90, 库存量为70, 不满足一个prepack，不进行任何分配.


INFO 2022-08-29 12:33:04,261 - F099030800 ==> 
1. 初次规整，库存量为628, 温饱线=[0, 0, 0, 0, 0, 0, 0], 贪婪线=[0, 0, 0, 320, 0, 0, 0].
2. 温饱线分配完成，当前分配表为[0, 0, 0, 0, 0, 0, 0], 剩余库存628，更新贪婪线并进行分配=[0, 0, 0, 320, 0, 0, 0].
3. 贪婪线分配完成，最终分配表为[0, 0, 0, 320, 0, 0, 0]，剩余库存308.


INFO 2022-08-29 12:33:04,262 - F099034800 ==> 
1. prepack=60, 库存量为0, 不满足一个prepack，不进行任何分配.


INFO 2022-08-29 12:33:04,263 - F099035800 ==> 
1. 初次规整，库存量为1843, 温饱线=[0, 0, 0, 0, 0, 0, 0], 贪婪线=[0, 0, 0, 0, 0, 0, 0].
2. 温饱线分配完成，当前分配表为[0, 0, 0, 0, 0, 0, 0], 剩余库存1843，更新贪婪线并进行分配=[0, 0, 0, 0, 0, 0, 0].
3. 贪婪线分配完成，最终分配表为[0, 0, 0, 0, 0, 0, 0]，剩余库存1843.


INFO 2022-08-29 12:33:04,264 - F099210000 ==> 
1. 初次规整，库存量为2338, 温饱线=[0, 0, 0, 0, 0, 0, 0], 贪婪线=[0, 0, 0, 24, 0, 0, 0].
2. 温饱线分配完成，当前分配表为[0, 0, 0, 0, 0, 0, 0], 剩余库存2338，更新贪婪线并进行分配=[0, 0, 0, 24, 0, 0, 0].
3. 贪婪线分配完成，最终分配表为[0, 0, 0, 24, 0, 0, 0]，剩余库存2314.


INFO 2022-08-29 12:33:04,265 - F132643000 ==> 
1. 初次规整，库存量为105014, 温饱线=[0, 0, 0, 0, 0, 0, 0], 贪婪线=[0, 0, 0, 4200, 0, 0, 0].
2. 温饱线分配完成，当前分配表为[0, 0, 0, 0, 0, 0, 0], 剩余库存105014，更新贪婪线并进行分配=[0, 0, 0, 4200, 0, 0, 0].
3. 贪婪线分配完成，最终分配表为[0, 0, 0, 4200, 0, 0, 0]，剩余库存100814.


INFO 2022-08-29 12:33:04,265 - F168503000 ==> 
1. 初次规整，库存量为126245, 温饱线=[0, 0, 0, 0, 0, 0, 0], 贪婪线=[0, 0, 0, 6300, 0, 0, 0].
2. 温饱线分配完成，当前分配表为[0, 0, 0, 0, 0, 0, 0], 剩余库存126245，更新贪婪线并进行分配=[0, 0, 0, 6300, 0, 0, 0].
3. 贪婪线分配完成，最终分配表为[0, 0, 0, 6300, 0, 0, 0]，剩余库存119945.


INFO 2022-08-29 12:33:04,266 - F168508999 ==> 
1. 初次规整，库存量为7050, 温饱线=[1657, 13, 0, 0, 0, 1783, 97], 贪婪线=[0, 0, 0, 0, 0, 0, 0].
公平均等分配比例为[10.3562, 0.0813, 0, 0, 0, 11.1438, 0.6062], 优化分配比例为[10, 1, 0, 0, 0, 11, 0].
2. 温饱线分配完成，当前分配表为[1600, 160, 0, 0, 0, 1760, 0], 剩余库存3530，更新贪婪线并进行分配=[2720, 0, 0, 0, 0, 1440, 3200].
公平均等分配比例为[8.1535, 0, 0, 0, 0, 4.3166, 9.5924], 优化分配比例为[8, 0, 0, 0, 0, 5, 9].
3. 贪婪线分配完成，最终分配表为[2880, 160, 0, 0, 0, 2560, 1440], 剩余库存3530.


INFO 2022-08-29 12:33:04,267 - F174328009 ==> 
1. prepack=12, 库存量为0, 不满足一个prepack，不进行任何分配.


INFO 2022-08-29 12:33:04,268 - F174428009 ==> 
1. prepack=12, 库存量为0, 不满足一个prepack，不进行任何分配.


INFO 2022-08-29 12:33:04,269 - F174528009 ==> 
1. prepack=12, 库存量为3, 不满足一个prepack，不进行任何分配.


INFO 2022-08-29 12:33:04,270 - F174928009 ==> 
1. 初次规整，库存量为14, 温饱线=[0, 0, 0, 0, 0, 0, 0], 贪婪线=[0, 0, 11, 0, 0, 0, 0].
2. 温饱线分配完成，当前分配表为[0, 0, 0, 0, 0, 0, 0], 剩余库存14，更新贪婪线并进行分配=[0, 0, 11, 0, 0, 0, 0].
3. 贪婪线分配完成，最终分配表为[0, 0, 11, 0, 0, 0, 0]，剩余库存3.


INFO 2022-08-29 12:33:04,271 - F175028009 ==> 
1. prepack=12, 库存量为0, 不满足一个prepack，不进行任何分配.


INFO 2022-08-29 12:33:04,272 - F175128009 ==> 
1. prepack=12, 库存量为2, 不满足一个prepack，不进行任何分配.


INFO 2022-08-29 12:33:04,272 - F175228009 ==> 
1. prepack=12, 库存量为0, 不满足一个prepack，不进行任何分配.


INFO 2022-08-29 12:33:04,273 - F176728009 ==> 
1. prepack=12, 库存量为0, 不满足一个prepack，不进行任何分配.


INFO 2022-08-29 12:33:04,274 - F178628009 ==> 
1. prepack=12, 库存量为0, 不满足一个prepack，不进行任何分配.


INFO 2022-08-29 12:33:04,275 - F181181000 ==> 
1. prepack=140, 库存量为137, 不满足一个prepack，不进行任何分配.


INFO 2022-08-29 12:33:04,276 - F185011000 ==> 
1. prepack=180, 库存量为0, 不满足一个prepack，不进行任何分配.


INFO 2022-08-29 12:33:04,277 - F185093000 ==> 
1. prepack=800, 库存量为86, 不满足一个prepack，不进行任何分配.


INFO 2022-08-29 12:33:04,278 - F185097000 ==> 
1. prepack=2000, 库存量为0, 不满足一个prepack，不进行任何分配.


INFO 2022-08-29 12:33:04,278 - F185100000 ==> 
1. 初次规整，库存量为4805, 温饱线=[0, 0, 0, 0, 0, 0, 0], 贪婪线=[0, 0, 0, 2000, 0, 0, 0].
2. 温饱线分配完成，当前分配表为[0, 0, 0, 0, 0, 0, 0], 剩余库存4805，更新贪婪线并进行分配=[0, 0, 0, 2000, 0, 0, 0].
3. 贪婪线分配完成，最终分配表为[0, 0, 0, 2000, 0, 0, 0]，剩余库存2805.


INFO 2022-08-29 12:33:04,279 - F185130000 ==> 
1. 初次规整，库存量为6950, 温饱线=[0, 0, 0, 0, 0, 0, 0], 贪婪线=[0, 0, 0, 2000, 0, 0, 0].
2. 温饱线分配完成，当前分配表为[0, 0, 0, 0, 0, 0, 0], 剩余库存6950，更新贪婪线并进行分配=[0, 0, 0, 2000, 0, 0, 0].
3. 贪婪线分配完成，最终分配表为[0, 0, 0, 2000, 0, 0, 0]，剩余库存4950.


INFO 2022-08-29 12:33:04,280 - F185140000 ==> 
1. 初次规整，库存量为4801, 温饱线=[0, 0, 0, 0, 0, 0, 0], 贪婪线=[300, 0, 0, 0, 0, 0, 0].
2. 温饱线分配完成，当前分配表为[0, 0, 0, 0, 0, 0, 0], 剩余库存4801，更新贪婪线并进行分配=[300, 0, 0, 0, 0, 0, 0].
3. 贪婪线分配完成，最终分配表为[300, 0, 0, 0, 0, 0, 0]，剩余库存4501.


INFO 2022-08-29 12:33:04,281 - F186018000 ==> 
1. prepack=1050, 库存量为0, 不满足一个prepack，不进行任何分配.


INFO 2022-08-29 12:33:04,282 - F186098000 ==> 
1. prepack=160, 库存量为0, 不满足一个prepack，不进行任何分配.


INFO 2022-08-29 12:33:04,283 - F186099000 ==> 
1. 初次规整，库存量为2052, 温饱线=[0, 0, 0, 0, 0, 0, 0], 贪婪线=[0, 0, 0, 2100, 0, 0, 3150].
2. 温饱线分配完成，当前分配表为[0, 0, 0, 0, 0, 0, 0], 剩余库存2052，更新贪婪线并进行分配=[0, 0, 0, 2100, 0, 0, 3150].
公平均等分配比例为[0, 0, 0, 0.7817, 0, 0, 1.1726], 优化分配比例为[0, 0, 0, 0, 0, 0, 1].
3. 贪婪线分配完成，最终分配表为[0, 0, 0, 0, 0, 0, 1050], 剩余库存1002.


INFO 2022-08-29 12:33:04,284 - F190928009 ==> 
1. prepack=12, 库存量为7, 不满足一个prepack，不进行任何分配.


INFO 2022-08-29 12:33:04,285 - F195428009 ==> 
1. prepack=12, 库存量为0, 不满足一个prepack，不进行任何分配.


INFO 2022-08-29 12:33:04,285 - F341046000 ==> 
1. prepack=1, 库存量为0, 不满足一个prepack，不进行任何分配.


INFO 2022-08-29 12:33:04,286 - F341047300 ==> 
1. 初次规整，库存量为1368, 温饱线=[0, 0, 0, 0, 0, 0, 0], 贪婪线=[0, 0, 0, 0, 6400, 1200, 0].
2. 温饱线分配完成，当前分配表为[0, 0, 0, 0, 0, 0, 0], 剩余库存1368，更新贪婪线并进行分配=[0, 0, 0, 0, 6400, 1200, 0].
公平均等分配比例为[0, 0, 0, 0, 11.52, 2.16, 0], 优化分配比例为[0, 0, 0, 0, 11, 2, 0].
3. 贪婪线分配完成，最终分配表为[0, 0, 0, 0, 1100, 200, 0], 剩余库存68.


INFO 2022-08-29 12:33:04,287 - F341047400 ==> 
1. 初次规整，库存量为116, 温饱线=[0, 0, 0, 0, 15, 0, 0], 贪婪线=[0, 0, 0, 0, 0, 280, 0].
公平均等分配比例为[0, 0, 0, 0, 0.2143, 0, 0], 优化分配比例为[0, 0, 0, 0, 0, 0, 0].
2. 温饱线分配完成，当前分配表为[0, 0, 0, 0, 0, 0, 0], 剩余库存116，更新贪婪线并进行分配=[0, 0, 0, 0, 420, 280, 0].
公平均等分配比例为[0, 0, 0, 0, 0.9943, 0.6629, 0], 优化分配比例为[0, 0, 0, 0, 0, 1, 0].
3. 贪婪线分配完成，最终分配表为[0, 0, 0, 0, 0, 70, 0], 剩余库存46.


INFO 2022-08-29 12:33:04,288 - F346045000 ==> 
1. 初次规整，库存量为39072, 温饱线=[0, 0, 0, 0, 0, 0, 0], 贪婪线=[0, 0, 800, 1000, 0, 0, 0].
2. 温饱线分配完成，当前分配表为[0, 0, 0, 0, 0, 0, 0], 剩余库存39072，更新贪婪线并进行分配=[0, 0, 800, 1000, 0, 0, 0].
3. 贪婪线分配完成，最终分配表为[0, 0, 800, 1000, 0, 0, 0]，剩余库存37272.


INFO 2022-08-29 12:33:04,289 - F346060100 ==> 
1. 初次规整，库存量为22952, 温饱线=[0, 0, 0, 0, 0, 0, 0], 贪婪线=[0, 0, 0, 900, 0, 0, 0].
2. 温饱线分配完成，当前分配表为[0, 0, 0, 0, 0, 0, 0], 剩余库存22952，更新贪婪线并进行分配=[0, 0, 0, 900, 0, 0, 0].
3. 贪婪线分配完成，最终分配表为[0, 0, 0, 900, 0, 0, 0]，剩余库存22052.


INFO 2022-08-29 12:33:04,290 - F346061100 ==> 
1. 初次规整，库存量为13457, 温饱线=[0, 0, 0, 0, 0, 0, 0], 贪婪线=[600, 0, 0, 600, 1600, 0, 0].
2. 温饱线分配完成，当前分配表为[0, 0, 0, 0, 0, 0, 0], 剩余库存13457，更新贪婪线并进行分配=[600, 0, 0, 600, 1600, 0, 0].
3. 贪婪线分配完成，最终分配表为[600, 0, 0, 600, 1600, 0, 0]，剩余库存10657.


INFO 2022-08-29 12:33:04,291 - F346062100 ==> 
1. 初次规整，库存量为7813, 温饱线=[0, 0, 0, 0, 0, 0, 0], 贪婪线=[450, 0, 0, 300, 0, 0, 0].
2. 温饱线分配完成，当前分配表为[0, 0, 0, 0, 0, 0, 0], 剩余库存7813，更新贪婪线并进行分配=[450, 0, 0, 300, 0, 0, 0].
3. 贪婪线分配完成，最终分配表为[450, 0, 0, 300, 0, 0, 0]，剩余库存7063.


INFO 2022-08-29 12:33:04,292 - F346067000 ==> 
1. 初次规整，库存量为2426, 温饱线=[0, 0, 0, 0, 0, 0, 0], 贪婪线=[0, 0, 0, 100, 0, 400, 0].
2. 温饱线分配完成，当前分配表为[0, 0, 0, 0, 0, 0, 0], 剩余库存2426，更新贪婪线并进行分配=[0, 0, 0, 100, 0, 400, 0].
3. 贪婪线分配完成，最终分配表为[0, 0, 0, 100, 0, 400, 0]，剩余库存1926.


INFO 2022-08-29 12:33:04,292 - F415002000 ==> 
1. 初次规整，库存量为2275, 温饱线=[0, 0, 0, 0, 0, 0, 0], 贪婪线=[0, 0, 0, 0, 0, 1500, 0].
2. 温饱线分配完成，当前分配表为[0, 0, 0, 0, 0, 0, 0], 剩余库存2275，更新贪婪线并进行分配=[0, 0, 0, 0, 0, 1500, 0].
3. 贪婪线分配完成，最终分配表为[0, 0, 0, 0, 0, 1500, 0]，剩余库存775.


INFO 2022-08-29 12:33:04,293 - F580034000 ==> 
1. 初次规整，库存量为416, 温饱线=[0, 0, 0, 64, 0, 39, 0], 贪婪线=[0, 0, 0, 0, 0, 0, 0].
公平均等分配比例为[0, 0, 0, 1.4545, 0, 0.8864, 0], 优化分配比例为[0, 0, 0, 1, 0, 1, 0].
2. 温饱线分配完成，当前分配表为[0, 0, 0, 44, 0, 44, 0], 剩余库存328，更新贪婪线并进行分配=[0, 0, 0, 88, 0, 308, 0].
公平均等分配比例为[0, 0, 0, 1.6566, 0, 5.798, 0], 优化分配比例为[0, 0, 0, 2, 0, 5, 0].
3. 贪婪线分配完成，最终分配表为[0, 0, 0, 132, 0, 264, 0], 剩余库存108.


INFO 2022-08-29 12:33:04,294 - F580035000 ==> 
1. prepack=44, 库存量为0, 不满足一个prepack，不进行任何分配.


INFO 2022-08-29 12:33:04,295 - F580036000 ==> 
1. prepack=44, 库存量为39, 不满足一个prepack，不进行任何分配.


INFO 2022-08-29 12:33:04,296 - F580037000 ==> 
1. prepack=44, 库存量为0, 不满足一个prepack，不进行任何分配.


INFO 2022-08-29 12:33:04,297 - F580040000 ==> 
1. prepack=44, 库存量为0, 不满足一个prepack，不进行任何分配.


INFO 2022-08-29 12:33:04,298 - F580043000 ==> 
1. prepack=44, 库存量为0, 不满足一个prepack，不进行任何分配.


INFO 2022-08-29 12:33:04,298 - F580045000 ==> 
1. 初次规整，库存量为349, 温饱线=[0, 0, 97, 0, 0, 132, 0], 贪婪线=[0, 0, 0, 0, 0, 0, 0].
公平均等分配比例为[0, 0, 2.2045, 0, 0, 3.0, 0], 优化分配比例为[0, 0, 2, 0, 0, 3, 0].
2. 温饱线分配完成，当前分配表为[0, 0, 88, 0, 0, 132, 0], 剩余库存129，更新贪婪线并进行分配=[0, 0, 176, 0, 0, 88, 0].
公平均等分配比例为[0, 0, 1.9545, 0, 0, 0.9773, 0], 优化分配比例为[0, 0, 1, 0, 0, 1, 0].
3. 贪婪线分配完成，最终分配表为[0, 0, 132, 0, 0, 176, 0], 剩余库存261.


INFO 2022-08-29 12:33:04,299 - F580088000 ==> 
1. prepack=44, 库存量为0, 不满足一个prepack，不进行任何分配.


INFO 2022-08-29 12:33:04,300 - F580127000 ==> 
1. prepack=96, 库存量为73, 不满足一个prepack，不进行任何分配.


INFO 2022-08-29 12:33:04,301 - F580129000 ==> 
1. 初次规整，库存量为190, 温饱线=[0, 0, 0, 0, 0, 0, 0], 贪婪线=[0, 0, 0, 0, 0, 96, 0].
2. 温饱线分配完成，当前分配表为[0, 0, 0, 0, 0, 0, 0], 剩余库存190，更新贪婪线并进行分配=[0, 0, 0, 0, 0, 96, 0].
3. 贪婪线分配完成，最终分配表为[0, 0, 0, 0, 0, 96, 0]，剩余库存94.


INFO 2022-08-29 12:33:04,302 - F580131000 ==> 
1. 初次规整，库存量为236, 温饱线=[0, 0, 0, 0, 0, 0, 0], 贪婪线=[0, 0, 0, 1, 0, 96, 0].
2. 温饱线分配完成，当前分配表为[0, 0, 0, 0, 0, 0, 0], 剩余库存236，更新贪婪线并进行分配=[0, 0, 0, 1, 0, 96, 0].
3. 贪婪线分配完成，最终分配表为[0, 0, 0, 1, 0, 96, 0]，剩余库存139.


INFO 2022-08-29 12:33:04,303 - F580136000 ==> 
1. 初次规整，库存量为333, 温饱线=[0, 0, 0, 0, 0, 0, 0], 贪婪线=[0, 0, 0, 0, 0, 96, 0].
2. 温饱线分配完成，当前分配表为[0, 0, 0, 0, 0, 0, 0], 剩余库存333，更新贪婪线并进行分配=[0, 0, 0, 0, 0, 96, 0].
3. 贪婪线分配完成，最终分配表为[0, 0, 0, 0, 0, 96, 0]，剩余库存237.


INFO 2022-08-29 12:33:04,304 - F580137000 ==> 
1. 初次规整，库存量为185, 温饱线=[0, 0, 0, 0, 0, 0, 0], 贪婪线=[0, 0, 0, 3, 0, 96, 0].
2. 温饱线分配完成，当前分配表为[0, 0, 0, 0, 0, 0, 0], 剩余库存185，更新贪婪线并进行分配=[0, 0, 0, 3, 0, 96, 0].
3. 贪婪线分配完成，最终分配表为[0, 0, 0, 3, 0, 96, 0]，剩余库存86.


INFO 2022-08-29 12:33:04,305 - F580142000 ==> 
1. 初次规整，库存量为250, 温饱线=[0, 0, 0, 0, 0, 0, 0], 贪婪线=[33, 0, 0, 0, 0, 96, 0].
2. 温饱线分配完成，当前分配表为[0, 0, 0, 0, 0, 0, 0], 剩余库存250，更新贪婪线并进行分配=[33, 0, 0, 0, 0, 96, 0].
3. 贪婪线分配完成，最终分配表为[33, 0, 0, 0, 0, 96, 0]，剩余库存121.


INFO 2022-08-29 12:33:04,305 - F590508000 ==> 
1. 初次规整，库存量为1199, 温饱线=[0, 0, 0, 0, 0, 0, 0], 贪婪线=[0, 0, 0, 0, 0, 120, 0].
2. 温饱线分配完成，当前分配表为[0, 0, 0, 0, 0, 0, 0], 剩余库存1199，更新贪婪线并进行分配=[0, 0, 0, 0, 0, 120, 0].
3. 贪婪线分配完成，最终分配表为[0, 0, 0, 0, 0, 120, 0]，剩余库存1079.


INFO 2022-08-29 12:33:04,306 - F715084000 ==> 
1. prepack=1, 库存量为0, 不满足一个prepack，不进行任何分配.


INFO 2022-08-29 12:33:04,307 - F715085000 ==> 
1. 初次规整，库存量为8, 温饱线=[0, 0, 19, 0, 0, 0, 0], 贪婪线=[0, 0, 0, 0, 0, 0, 0].
公平均等分配比例为[0, 0, 8.0, 0, 0, 0, 0], 优化分配比例为[0, 0, 8, 0, 0, 0, 0].
2. 库存量仅能先满足温饱线，最终分配表为[0, 0, 8, 0, 0, 0, 0], 剩余库存0.


INFO 2022-08-29 12:33:04,308 - F790040000 ==> 
1. prepack=25, 库存量为0, 不满足一个prepack，不进行任何分配.


INFO 2022-08-29 12:33:04,309 - F810016400 ==> 
1. 初次规整，库存量为25331, 温饱线=[0, 0, 0, 0, 0, 0, 0], 贪婪线=[0, 0, 0, 384, 0, 0, 0].
2. 温饱线分配完成，当前分配表为[0, 0, 0, 0, 0, 0, 0], 剩余库存25331，更新贪婪线并进行分配=[0, 0, 0, 384, 0, 0, 0].
3. 贪婪线分配完成，最终分配表为[0, 0, 0, 384, 0, 0, 0]，剩余库存24947.


INFO 2022-08-29 12:33:04,310 - F810024100 ==> 
1. 初次规整，库存量为17373, 温饱线=[0, 0, 0, 0, 0, 0, 0], 贪婪线=[0, 0, 0, 600, 0, 3600, 0].
2. 温饱线分配完成，当前分配表为[0, 0, 0, 0, 0, 0, 0], 剩余库存17373，更新贪婪线并进行分配=[0, 0, 0, 600, 0, 3600, 0].
3. 贪婪线分配完成，最终分配表为[0, 0, 0, 600, 0, 3600, 0]，剩余库存13173.


INFO 2022-08-29 12:33:04,311 - F810030200 ==> 
1. 初次规整，库存量为30345, 温饱线=[0, 0, 0, 0, 0, 0, 0], 贪婪线=[0, 0, 0, 144, 0, 4860, 0].
2. 温饱线分配完成，当前分配表为[0, 0, 0, 0, 0, 0, 0], 剩余库存30345，更新贪婪线并进行分配=[0, 0, 0, 144, 0, 4860, 0].
3. 贪婪线分配完成，最终分配表为[0, 0, 0, 144, 0, 4860, 0]，剩余库存25341.


INFO 2022-08-29 12:33:04,312 - F810060000 ==> 
1. 初次规整，库存量为21244, 温饱线=[0, 0, 0, 0, 0, 0, 0], 贪婪线=[0, 0, 0, 780, 0, 720, 0].
2. 温饱线分配完成，当前分配表为[0, 0, 0, 0, 0, 0, 0], 剩余库存21244，更新贪婪线并进行分配=[0, 0, 0, 780, 0, 720, 0].
3. 贪婪线分配完成，最终分配表为[0, 0, 0, 780, 0, 720, 0]，剩余库存19744.


INFO 2022-08-29 12:33:04,312 - F810061000 ==> 
1. 初次规整，库存量为9391, 温饱线=[0, 0, 0, 0, 0, 0, 0], 贪婪线=[0, 0, 0, 480, 0, 0, 0].
2. 温饱线分配完成，当前分配表为[0, 0, 0, 0, 0, 0, 0], 剩余库存9391，更新贪婪线并进行分配=[0, 0, 0, 480, 0, 0, 0].
3. 贪婪线分配完成，最终分配表为[0, 0, 0, 480, 0, 0, 0]，剩余库存8911.


INFO 2022-08-29 12:33:04,313 - F810367800 ==> 
1. 初次规整，库存量为602, 温饱线=[0, 0, 0, 0, 0, 0, 0], 贪婪线=[0, 0, 0, 12, 0, 54, 0].
2. 温饱线分配完成，当前分配表为[0, 0, 0, 0, 0, 0, 0], 剩余库存602，更新贪婪线并进行分配=[0, 0, 0, 12, 0, 54, 0].
3. 贪婪线分配完成，最终分配表为[0, 0, 0, 12, 0, 54, 0]，剩余库存536.


INFO 2022-08-29 12:33:04,314 - F814167813 ==> 
1. 初次规整，库存量为18042, 温饱线=[0, 0, 0, 0, 0, 0, 0], 贪婪线=[0, 0, 0, 432, 0, 3888, 0].
2. 温饱线分配完成，当前分配表为[0, 0, 0, 0, 0, 0, 0], 剩余库存18042，更新贪婪线并进行分配=[0, 0, 0, 432, 0, 3888, 0].
3. 贪婪线分配完成，最终分配表为[0, 0, 0, 432, 0, 3888, 0]，剩余库存13722.


INFO 2022-08-29 12:33:04,315 - F828035300 ==> 
1. 初次规整，库存量为2612, 温饱线=[0, 0, 0, 0, 0, 0, 0], 贪婪线=[0, 0, 0, 0, 0, 0, 0].
2. 温饱线分配完成，当前分配表为[0, 0, 0, 0, 0, 0, 0], 剩余库存2612，更新贪婪线并进行分配=[0, 0, 0, 0, 0, 0, 0].
3. 贪婪线分配完成，最终分配表为[0, 0, 0, 0, 0, 0, 0]，剩余库存2612.


INFO 2022-08-29 12:33:04,316 - F828060000 ==> 
1. 初次规整，库存量为416, 温饱线=[0, 0, 0, 0, 0, 0, 0], 贪婪线=[0, 0, 0, 40, 0, 80, 0].
2. 温饱线分配完成，当前分配表为[0, 0, 0, 0, 0, 0, 0], 剩余库存416，更新贪婪线并进行分配=[0, 0, 0, 40, 0, 80, 0].
3. 贪婪线分配完成，最终分配表为[0, 0, 0, 40, 0, 80, 0]，剩余库存296.


INFO 2022-08-29 12:33:04,317 - F916831000 ==> 
1. 初次规整，库存量为140333, 温饱线=[0, 0, 0, 0, 0, 0, 0], 贪婪线=[0, 0, 0, 9000, 0, 0, 0].
2. 温饱线分配完成，当前分配表为[0, 0, 0, 0, 0, 0, 0], 剩余库存140333，更新贪婪线并进行分配=[0, 0, 0, 9000, 0, 0, 0].
3. 贪婪线分配完成，最终分配表为[0, 0, 0, 9000, 0, 0, 0]，剩余库存131333.


INFO 2022-08-29 12:33:04,318 - F990367000 ==> 
1. 初次规整，库存量为230, 温饱线=[0, 0, 0, 0, 0, 0, 0], 贪婪线=[0, 0, 0, 0, 0, 80, 0].
2. 温饱线分配完成，当前分配表为[0, 0, 0, 0, 0, 0, 0], 剩余库存230，更新贪婪线并进行分配=[0, 0, 0, 0, 0, 80, 0].
3. 贪婪线分配完成，最终分配表为[0, 0, 0, 0, 0, 80, 0]，剩余库存150.


INFO 2022-08-29 12:33:04,319 - F990923000 ==> 
1. 初次规整，库存量为250, 温饱线=[0, 0, 0, 0, 0, 0, 0], 贪婪线=[0, 0, 0, 0, 0, 24, 0].
2. 温饱线分配完成，当前分配表为[0, 0, 0, 0, 0, 0, 0], 剩余库存250，更新贪婪线并进行分配=[0, 0, 0, 0, 0, 24, 0].
3. 贪婪线分配完成，最终分配表为[0, 0, 0, 0, 0, 24, 0]，剩余库存226.


